[0.008s] Invoking command in '/home/nikhil/ROS/ros2_ws/build/course_activities': CMAKE_PREFIX_PATH=/home/nikhil/ROS/ros2_ws/install/my_robot_interfaces:/home/nikhil/ROS/ros2_ws/install/cpp_pkg:/home/nikhil/ROS/ros2_ws/install/course_activities:/home/nikhil/ROS/ros2_ws/install/py_pkg:/opt/ros/humble /usr/bin/cmake --build /home/nikhil/ROS/ros2_ws/build/course_activities -- -j20 -l20
[0.037s] [35m[1mConsolidate compiler generated dependencies of target led_panel[0m
[0.047s] [ 20%] Built target battery_status
[0.047s] [ 50%] Built target number_counter
[0.047s] [ 50%] [32mBuilding CXX object CMakeFiles/led_panel.dir/src/led_panel.cpp.o[0m
[0.048s] [ 70%] Built target reset_counter_client
[0.049s] [ 90%] Built target number_publisher
[1.213s] In file included from [01m[K/opt/ros/humble/include/rclcpp/rclcpp/node.hpp:1321[m[K,
[1.213s]                  from [01m[K/opt/ros/humble/include/rclcpp/rclcpp/executors/single_threaded_executor.hpp:28[m[K,
[1.213s]                  from [01m[K/opt/ros/humble/include/rclcpp/rclcpp/executors.hpp:22[m[K,
[1.213s]                  from [01m[K/opt/ros/humble/include/rclcpp/rclcpp/rclcpp.hpp:155[m[K,
[1.214s]                  from [01m[K/home/nikhil/ROS/ros2_ws/src/course_activities/src/led_panel.cpp:1[m[K:
[1.214s] /opt/ros/humble/include/rclcpp/rclcpp/node_impl.hpp: In instantiation of â€˜[01m[Kauto rclcpp::Node::declare_parameter(const string&, const ParameterT&, const ParameterDescriptor&, bool) [with ParameterT = bool [3]; std::string = std::__cxx11::basic_string<char>; rcl_interfaces::msg::ParameterDescriptor = rcl_interfaces::msg::ParameterDescriptor_<std::allocator<void> >][m[Kâ€™:
[1.214s] [01m[K/home/nikhil/ROS/ros2_ws/src/course_activities/src/led_panel.cpp:13:36:[m[K   required from here
[1.214s] [01m[K/opt/ros/humble/include/rclcpp/rclcpp/node_impl.hpp:207:22:[m[K [01;31m[Kerror: [m[Kno matching function for call to â€˜[01m[Krclcpp::ParameterValue::get<bool [3]>() const[m[Kâ€™
[1.214s]   202 |     return [01;31m[Kthis->declare_parameter([m[K
[1.214s]       |            [01;31m[K~~~~~~~~~~~~~~~~~~~~~~~~[m[K
[1.214s]   203 | [01;31m[K      name,[m[K
[1.214s]       |       [01;31m[K~~~~~[m[K           
[1.214s]   204 | [01;31m[K      rclcpp::ParameterValue(default_value),[m[K
[1.214s]       |       [01;31m[K~~~~~~~~~~~~~~~~~~~~~~~~~~~~~~~~~~~~~~[m[K
[1.214s]   205 | [01;31m[K      parameter_descriptor,[m[K
[1.214s]       |       [01;31m[K~~~~~~~~~~~~~~~~~~~~~[m[K
[1.214s]   206 | [01;31m[K      ignore_override[m[K
[1.214s]       |       [01;31m[K~~~~~~~~~~~~~~~[m[K 
[1.215s]   207 | [01;31m[K    ).get<ParameterT>()[m[K;
[1.215s]       |     [01;31m[K~~~~~~~~~~~~~~~~~^~[m[K
[1.215s] In file included from [01m[K/opt/ros/humble/include/rclcpp/rclcpp/parameter.hpp:26[m[K,
[1.215s]                  from [01m[K/opt/ros/humble/include/rclcpp/rclcpp/node_interfaces/node_parameters_interface.hpp:28[m[K,
[1.215s]                  from [01m[K/opt/ros/humble/include/rclcpp/rclcpp/node.hpp:54[m[K,
[1.215s]                  from [01m[K/opt/ros/humble/include/rclcpp/rclcpp/executors/single_threaded_executor.hpp:28[m[K,
[1.215s]                  from [01m[K/opt/ros/humble/include/rclcpp/rclcpp/executors.hpp:22[m[K,
[1.215s]                  from [01m[K/opt/ros/humble/include/rclcpp/rclcpp/rclcpp.hpp:155[m[K,
[1.216s]                  from [01m[K/home/nikhil/ROS/ros2_ws/src/course_activities/src/led_panel.cpp:1[m[K:
[1.216s] [01m[K/opt/ros/humble/include/rclcpp/rclcpp/parameter_value.hpp:148:3:[m[K [01;36m[Knote: [m[Kcandidate: â€˜[01m[Ktemplate<rclcpp::ParameterType type> constexpr typename std::enable_if<(type == rclcpp::PARAMETER_BOOL), const bool&>::type rclcpp::ParameterValue::get() const[m[Kâ€™
[1.216s]   148 |   [01;36m[Kget[m[K() const
[1.216s]       |   [01;36m[K^~~[m[K
[1.216s] [01m[K/opt/ros/humble/include/rclcpp/rclcpp/parameter_value.hpp:148:3:[m[K [01;36m[Knote: [m[K  template argument deduction/substitution failed:
[1.216s] In file included from [01m[K/opt/ros/humble/include/rclcpp/rclcpp/node.hpp:1321[m[K,
[1.216s]                  from [01m[K/opt/ros/humble/include/rclcpp/rclcpp/executors/single_threaded_executor.hpp:28[m[K,
[1.216s]                  from [01m[K/opt/ros/humble/include/rclcpp/rclcpp/executors.hpp:22[m[K,
[1.216s]                  from [01m[K/opt/ros/humble/include/rclcpp/rclcpp/rclcpp.hpp:155[m[K,
[1.216s]                  from [01m[K/home/nikhil/ROS/ros2_ws/src/course_activities/src/led_panel.cpp:1[m[K:
[1.216s] [01m[K/opt/ros/humble/include/rclcpp/rclcpp/node_impl.hpp:207:22:[m[K [01;31m[Kerror: [m[Ktype/value mismatch at argument 1 in template parameter list for â€˜[01m[Ktemplate<rclcpp::ParameterType type> constexpr typename std::enable_if<(type == rclcpp::PARAMETER_BOOL), const bool&>::type rclcpp::ParameterValue::get() const[m[Kâ€™
[1.216s]   202 |     return [01;31m[Kthis->declare_parameter([m[K
[1.216s]       |            [01;31m[K~~~~~~~~~~~~~~~~~~~~~~~~[m[K
[1.216s]   203 | [01;31m[K      name,[m[K
[1.216s]       |       [01;31m[K~~~~~[m[K           
[1.216s]   204 | [01;31m[K      rclcpp::ParameterValue(default_value),[m[K
[1.216s]       |       [01;31m[K~~~~~~~~~~~~~~~~~~~~~~~~~~~~~~~~~~~~~~[m[K
[1.216s]   205 | [01;31m[K      parameter_descriptor,[m[K
[1.216s]       |       [01;31m[K~~~~~~~~~~~~~~~~~~~~~[m[K
[1.217s]   206 | [01;31m[K      ignore_override[m[K
[1.217s]       |       [01;31m[K~~~~~~~~~~~~~~~[m[K 
[1.217s]   207 | [01;31m[K    ).get<ParameterT>()[m[K;
[1.217s]       |     [01;31m[K~~~~~~~~~~~~~~~~~^~[m[K
[1.217s] [01m[K/opt/ros/humble/include/rclcpp/rclcpp/node_impl.hpp:207:22:[m[K [01;36m[Knote: [m[K  expected a constant of type â€˜[01m[Krclcpp::ParameterType[m[Kâ€™, got â€˜[01m[Kbool [3][m[Kâ€™
[1.217s] In file included from [01m[K/opt/ros/humble/include/rclcpp/rclcpp/parameter.hpp:26[m[K,
[1.217s]                  from [01m[K/opt/ros/humble/include/rclcpp/rclcpp/node_interfaces/node_parameters_interface.hpp:28[m[K,
[1.217s]                  from [01m[K/opt/ros/humble/include/rclcpp/rclcpp/node.hpp:54[m[K,
[1.217s]                  from [01m[K/opt/ros/humble/include/rclcpp/rclcpp/executors/single_threaded_executor.hpp:28[m[K,
[1.217s]                  from [01m[K/opt/ros/humble/include/rclcpp/rclcpp/executors.hpp:22[m[K,
[1.217s]                  from [01m[K/opt/ros/humble/include/rclcpp/rclcpp/rclcpp.hpp:155[m[K,
[1.217s]                  from [01m[K/home/nikhil/ROS/ros2_ws/src/course_activities/src/led_panel.cpp:1[m[K:
[1.217s] [01m[K/opt/ros/humble/include/rclcpp/rclcpp/parameter_value.hpp:159:3:[m[K [01;36m[Knote: [m[Kcandidate: â€˜[01m[Ktemplate<rclcpp::ParameterType type> constexpr typename std::enable_if<(type == rclcpp::PARAMETER_INTEGER), const long int&>::type rclcpp::ParameterValue::get() const[m[Kâ€™
[1.217s]   159 |   [01;36m[Kget[m[K() const
[1.217s]       |   [01;36m[K^~~[m[K
[1.217s] [01m[K/opt/ros/humble/include/rclcpp/rclcpp/parameter_value.hpp:159:3:[m[K [01;36m[Knote: [m[K  template argument deduction/substitution failed:
[1.217s] In file included from [01m[K/opt/ros/humble/include/rclcpp/rclcpp/node.hpp:1321[m[K,
[1.217s]                  from [01m[K/opt/ros/humble/include/rclcpp/rclcpp/executors/single_threaded_executor.hpp:28[m[K,
[1.217s]                  from [01m[K/opt/ros/humble/include/rclcpp/rclcpp/executors.hpp:22[m[K,
[1.217s]                  from [01m[K/opt/ros/humble/include/rclcpp/rclcpp/rclcpp.hpp:155[m[K,
[1.218s]                  from [01m[K/home/nikhil/ROS/ros2_ws/src/course_activities/src/led_panel.cpp:1[m[K:
[1.218s] [01m[K/opt/ros/humble/include/rclcpp/rclcpp/node_impl.hpp:207:22:[m[K [01;31m[Kerror: [m[Ktype/value mismatch at argument 1 in template parameter list for â€˜[01m[Ktemplate<rclcpp::ParameterType type> constexpr typename std::enable_if<(type == rclcpp::PARAMETER_INTEGER), const long int&>::type rclcpp::ParameterValue::get() const[m[Kâ€™
[1.218s]   202 |     return [01;31m[Kthis->declare_parameter([m[K
[1.218s]       |            [01;31m[K~~~~~~~~~~~~~~~~~~~~~~~~[m[K
[1.218s]   203 | [01;31m[K      name,[m[K
[1.218s]       |       [01;31m[K~~~~~[m[K           
[1.218s]   204 | [01;31m[K      rclcpp::ParameterValue(default_value),[m[K
[1.218s]       |       [01;31m[K~~~~~~~~~~~~~~~~~~~~~~~~~~~~~~~~~~~~~~[m[K
[1.218s]   205 | [01;31m[K      parameter_descriptor,[m[K
[1.218s]       |       [01;31m[K~~~~~~~~~~~~~~~~~~~~~[m[K
[1.218s]   206 | [01;31m[K      ignore_override[m[K
[1.218s]       |       [01;31m[K~~~~~~~~~~~~~~~[m[K 
[1.218s]   207 | [01;31m[K    ).get<ParameterT>()[m[K;
[1.218s]       |     [01;31m[K~~~~~~~~~~~~~~~~~^~[m[K
[1.218s] [01m[K/opt/ros/humble/include/rclcpp/rclcpp/node_impl.hpp:207:22:[m[K [01;36m[Knote: [m[K  expected a constant of type â€˜[01m[Krclcpp::ParameterType[m[Kâ€™, got â€˜[01m[Kbool [3][m[Kâ€™
[1.218s] In file included from [01m[K/opt/ros/humble/include/rclcpp/rclcpp/parameter.hpp:26[m[K,
[1.218s]                  from [01m[K/opt/ros/humble/include/rclcpp/rclcpp/node_interfaces/node_parameters_interface.hpp:28[m[K,
[1.218s]                  from [01m[K/opt/ros/humble/include/rclcpp/rclcpp/node.hpp:54[m[K,
[1.218s]                  from [01m[K/opt/ros/humble/include/rclcpp/rclcpp/executors/single_threaded_executor.hpp:28[m[K,
[1.218s]                  from [01m[K/opt/ros/humble/include/rclcpp/rclcpp/executors.hpp:22[m[K,
[1.219s]                  from [01m[K/opt/ros/humble/include/rclcpp/rclcpp/rclcpp.hpp:155[m[K,
[1.219s]                  from [01m[K/home/nikhil/ROS/ros2_ws/src/course_activities/src/led_panel.cpp:1[m[K:
[1.219s] [01m[K/opt/ros/humble/include/rclcpp/rclcpp/parameter_value.hpp:170:3:[m[K [01;36m[Knote: [m[Kcandidate: â€˜[01m[Ktemplate<rclcpp::ParameterType type> constexpr typename std::enable_if<(type == rclcpp::PARAMETER_DOUBLE), const double&>::type rclcpp::ParameterValue::get() const[m[Kâ€™
[1.219s]   170 |   [01;36m[Kget[m[K() const
[1.219s]       |   [01;36m[K^~~[m[K
[1.219s] [01m[K/opt/ros/humble/include/rclcpp/rclcpp/parameter_value.hpp:170:3:[m[K [01;36m[Knote: [m[K  template argument deduction/substitution failed:
[1.219s] In file included from [01m[K/opt/ros/humble/include/rclcpp/rclcpp/node.hpp:1321[m[K,
[1.219s]                  from [01m[K/opt/ros/humble/include/rclcpp/rclcpp/executors/single_threaded_executor.hpp:28[m[K,
[1.219s]                  from [01m[K/opt/ros/humble/include/rclcpp/rclcpp/executors.hpp:22[m[K,
[1.219s]                  from [01m[K/opt/ros/humble/include/rclcpp/rclcpp/rclcpp.hpp:155[m[K,
[1.219s]                  from [01m[K/home/nikhil/ROS/ros2_ws/src/course_activities/src/led_panel.cpp:1[m[K:
[1.219s] [01m[K/opt/ros/humble/include/rclcpp/rclcpp/node_impl.hpp:207:22:[m[K [01;31m[Kerror: [m[Ktype/value mismatch at argument 1 in template parameter list for â€˜[01m[Ktemplate<rclcpp::ParameterType type> constexpr typename std::enable_if<(type == rclcpp::PARAMETER_DOUBLE), const double&>::type rclcpp::ParameterValue::get() const[m[Kâ€™
[1.219s]   202 |     return [01;31m[Kthis->declare_parameter([m[K
[1.219s]       |            [01;31m[K~~~~~~~~~~~~~~~~~~~~~~~~[m[K
[1.219s]   203 | [01;31m[K      name,[m[K
[1.219s]       |       [01;31m[K~~~~~[m[K           
[1.219s]   204 | [01;31m[K      rclcpp::ParameterValue(default_value),[m[K
[1.219s]       |       [01;31m[K~~~~~~~~~~~~~~~~~~~~~~~~~~~~~~~~~~~~~~[m[K
[1.219s]   205 | [01;31m[K      parameter_descriptor,[m[K
[1.219s]       |       [01;31m[K~~~~~~~~~~~~~~~~~~~~~[m[K
[1.220s]   206 | [01;31m[K      ignore_override[m[K
[1.220s]       |       [01;31m[K~~~~~~~~~~~~~~~[m[K 
[1.220s]   207 | [01;31m[K    ).get<ParameterT>()[m[K;
[1.220s]       |     [01;31m[K~~~~~~~~~~~~~~~~~^~[m[K
[1.220s] [01m[K/opt/ros/humble/include/rclcpp/rclcpp/node_impl.hpp:207:22:[m[K [01;36m[Knote: [m[K  expected a constant of type â€˜[01m[Krclcpp::ParameterType[m[Kâ€™, got â€˜[01m[Kbool [3][m[Kâ€™
[1.220s] In file included from [01m[K/opt/ros/humble/include/rclcpp/rclcpp/parameter.hpp:26[m[K,
[1.220s]                  from [01m[K/opt/ros/humble/include/rclcpp/rclcpp/node_interfaces/node_parameters_interface.hpp:28[m[K,
[1.220s]                  from [01m[K/opt/ros/humble/include/rclcpp/rclcpp/node.hpp:54[m[K,
[1.220s]                  from [01m[K/opt/ros/humble/include/rclcpp/rclcpp/executors/single_threaded_executor.hpp:28[m[K,
[1.220s]                  from [01m[K/opt/ros/humble/include/rclcpp/rclcpp/executors.hpp:22[m[K,
[1.220s]                  from [01m[K/opt/ros/humble/include/rclcpp/rclcpp/rclcpp.hpp:155[m[K,
[1.220s]                  from [01m[K/home/nikhil/ROS/ros2_ws/src/course_activities/src/led_panel.cpp:1[m[K:
[1.220s] [01m[K/opt/ros/humble/include/rclcpp/rclcpp/parameter_value.hpp:181:3:[m[K [01;36m[Knote: [m[Kcandidate: â€˜[01m[Ktemplate<rclcpp::ParameterType type> constexpr typename std::enable_if<(type == rclcpp::PARAMETER_STRING), const std::__cxx11::basic_string<char>&>::type rclcpp::ParameterValue::get() const[m[Kâ€™
[1.220s]   181 |   [01;36m[Kget[m[K() const
[1.220s]       |   [01;36m[K^~~[m[K
[1.220s] [01m[K/opt/ros/humble/include/rclcpp/rclcpp/parameter_value.hpp:181:3:[m[K [01;36m[Knote: [m[K  template argument deduction/substitution failed:
[1.220s] In file included from [01m[K/opt/ros/humble/include/rclcpp/rclcpp/node.hpp:1321[m[K,
[1.220s]                  from [01m[K/opt/ros/humble/include/rclcpp/rclcpp/executors/single_threaded_executor.hpp:28[m[K,
[1.220s]                  from [01m[K/opt/ros/humble/include/rclcpp/rclcpp/executors.hpp:22[m[K,
[1.220s]                  from [01m[K/opt/ros/humble/include/rclcpp/rclcpp/rclcpp.hpp:155[m[K,
[1.221s]                  from [01m[K/home/nikhil/ROS/ros2_ws/src/course_activities/src/led_panel.cpp:1[m[K:
[1.221s] [01m[K/opt/ros/humble/include/rclcpp/rclcpp/node_impl.hpp:207:22:[m[K [01;31m[Kerror: [m[Ktype/value mismatch at argument 1 in template parameter list for â€˜[01m[Ktemplate<rclcpp::ParameterType type> constexpr typename std::enable_if<(type == rclcpp::PARAMETER_STRING), const std::__cxx11::basic_string<char>&>::type rclcpp::ParameterValue::get() const[m[Kâ€™
[1.221s]   202 |     return [01;31m[Kthis->declare_parameter([m[K
[1.221s]       |            [01;31m[K~~~~~~~~~~~~~~~~~~~~~~~~[m[K
[1.221s]   203 | [01;31m[K      name,[m[K
[1.221s]       |       [01;31m[K~~~~~[m[K           
[1.221s]   204 | [01;31m[K      rclcpp::ParameterValue(default_value),[m[K
[1.221s]       |       [01;31m[K~~~~~~~~~~~~~~~~~~~~~~~~~~~~~~~~~~~~~~[m[K
[1.221s]   205 | [01;31m[K      parameter_descriptor,[m[K
[1.221s]       |       [01;31m[K~~~~~~~~~~~~~~~~~~~~~[m[K
[1.221s]   206 | [01;31m[K      ignore_override[m[K
[1.221s]       |       [01;31m[K~~~~~~~~~~~~~~~[m[K 
[1.221s]   207 | [01;31m[K    ).get<ParameterT>()[m[K;
[1.221s]       |     [01;31m[K~~~~~~~~~~~~~~~~~^~[m[K
[1.221s] [01m[K/opt/ros/humble/include/rclcpp/rclcpp/node_impl.hpp:207:22:[m[K [01;36m[Knote: [m[K  expected a constant of type â€˜[01m[Krclcpp::ParameterType[m[Kâ€™, got â€˜[01m[Kbool [3][m[Kâ€™
[1.221s] In file included from [01m[K/opt/ros/humble/include/rclcpp/rclcpp/parameter.hpp:26[m[K,
[1.221s]                  from [01m[K/opt/ros/humble/include/rclcpp/rclcpp/node_interfaces/node_parameters_interface.hpp:28[m[K,
[1.221s]                  from [01m[K/opt/ros/humble/include/rclcpp/rclcpp/node.hpp:54[m[K,
[1.221s]                  from [01m[K/opt/ros/humble/include/rclcpp/rclcpp/executors/single_threaded_executor.hpp:28[m[K,
[1.221s]                  from [01m[K/opt/ros/humble/include/rclcpp/rclcpp/executors.hpp:22[m[K,
[1.222s]                  from [01m[K/opt/ros/humble/include/rclcpp/rclcpp/rclcpp.hpp:155[m[K,
[1.222s]                  from [01m[K/home/nikhil/ROS/ros2_ws/src/course_activities/src/led_panel.cpp:1[m[K:
[1.222s] [01m[K/opt/ros/humble/include/rclcpp/rclcpp/parameter_value.hpp:193:3:[m[K [01;36m[Knote: [m[Kcandidate: â€˜[01m[Ktemplate<rclcpp::ParameterType type> constexpr typename std::enable_if<(type == rclcpp::PARAMETER_BYTE_ARRAY), const std::vector<unsigned char, std::allocator<unsigned char> >&>::type rclcpp::ParameterValue::get() const[m[Kâ€™
[1.222s]   193 |   [01;36m[Kget[m[K() const
[1.222s]       |   [01;36m[K^~~[m[K
[1.222s] [01m[K/opt/ros/humble/include/rclcpp/rclcpp/parameter_value.hpp:193:3:[m[K [01;36m[Knote: [m[K  template argument deduction/substitution failed:
[1.222s] In file included from [01m[K/opt/ros/humble/include/rclcpp/rclcpp/node.hpp:1321[m[K,
[1.222s]                  from [01m[K/opt/ros/humble/include/rclcpp/rclcpp/executors/single_threaded_executor.hpp:28[m[K,
[1.222s]                  from [01m[K/opt/ros/humble/include/rclcpp/rclcpp/executors.hpp:22[m[K,
[1.222s]                  from [01m[K/opt/ros/humble/include/rclcpp/rclcpp/rclcpp.hpp:155[m[K,
[1.222s]                  from [01m[K/home/nikhil/ROS/ros2_ws/src/course_activities/src/led_panel.cpp:1[m[K:
[1.222s] [01m[K/opt/ros/humble/include/rclcpp/rclcpp/node_impl.hpp:207:22:[m[K [01;31m[Kerror: [m[Ktype/value mismatch at argument 1 in template parameter list for â€˜[01m[Ktemplate<rclcpp::ParameterType type> constexpr typename std::enable_if<(type == rclcpp::PARAMETER_BYTE_ARRAY), const std::vector<unsigned char, std::allocator<unsigned char> >&>::type rclcpp::ParameterValue::get() const[m[Kâ€™
[1.222s]   202 |     return [01;31m[Kthis->declare_parameter([m[K
[1.222s]       |            [01;31m[K~~~~~~~~~~~~~~~~~~~~~~~~[m[K
[1.222s]   203 | [01;31m[K      name,[m[K
[1.222s]       |       [01;31m[K~~~~~[m[K           
[1.222s]   204 | [01;31m[K      rclcpp::ParameterValue(default_value),[m[K
[1.222s]       |       [01;31m[K~~~~~~~~~~~~~~~~~~~~~~~~~~~~~~~~~~~~~~[m[K
[1.222s]   205 | [01;31m[K      parameter_descriptor,[m[K
[1.222s]       |       [01;31m[K~~~~~~~~~~~~~~~~~~~~~[m[K
[1.223s]   206 | [01;31m[K      ignore_override[m[K
[1.223s]       |       [01;31m[K~~~~~~~~~~~~~~~[m[K 
[1.223s]   207 | [01;31m[K    ).get<ParameterT>()[m[K;
[1.223s]       |     [01;31m[K~~~~~~~~~~~~~~~~~^~[m[K
[1.223s] [01m[K/opt/ros/humble/include/rclcpp/rclcpp/node_impl.hpp:207:22:[m[K [01;36m[Knote: [m[K  expected a constant of type â€˜[01m[Krclcpp::ParameterType[m[Kâ€™, got â€˜[01m[Kbool [3][m[Kâ€™
[1.223s] In file included from [01m[K/opt/ros/humble/include/rclcpp/rclcpp/parameter.hpp:26[m[K,
[1.223s]                  from [01m[K/opt/ros/humble/include/rclcpp/rclcpp/node_interfaces/node_parameters_interface.hpp:28[m[K,
[1.223s]                  from [01m[K/opt/ros/humble/include/rclcpp/rclcpp/node.hpp:54[m[K,
[1.223s]                  from [01m[K/opt/ros/humble/include/rclcpp/rclcpp/executors/single_threaded_executor.hpp:28[m[K,
[1.223s]                  from [01m[K/opt/ros/humble/include/rclcpp/rclcpp/executors.hpp:22[m[K,
[1.223s]                  from [01m[K/opt/ros/humble/include/rclcpp/rclcpp/rclcpp.hpp:155[m[K,
[1.223s]                  from [01m[K/home/nikhil/ROS/ros2_ws/src/course_activities/src/led_panel.cpp:1[m[K:
[1.223s] [01m[K/opt/ros/humble/include/rclcpp/rclcpp/parameter_value.hpp:205:3:[m[K [01;36m[Knote: [m[Kcandidate: â€˜[01m[Ktemplate<rclcpp::ParameterType type> constexpr typename std::enable_if<(type == rclcpp::PARAMETER_BOOL_ARRAY), const std::vector<bool, std::allocator<bool> >&>::type rclcpp::ParameterValue::get() const[m[Kâ€™
[1.223s]   205 |   [01;36m[Kget[m[K() const
[1.223s]       |   [01;36m[K^~~[m[K
[1.223s] [01m[K/opt/ros/humble/include/rclcpp/rclcpp/parameter_value.hpp:205:3:[m[K [01;36m[Knote: [m[K  template argument deduction/substitution failed:
[1.223s] In file included from [01m[K/opt/ros/humble/include/rclcpp/rclcpp/node.hpp:1321[m[K,
[1.223s]                  from [01m[K/opt/ros/humble/include/rclcpp/rclcpp/executors/single_threaded_executor.hpp:28[m[K,
[1.223s]                  from [01m[K/opt/ros/humble/include/rclcpp/rclcpp/executors.hpp:22[m[K,
[1.224s]                  from [01m[K/opt/ros/humble/include/rclcpp/rclcpp/rclcpp.hpp:155[m[K,
[1.224s]                  from [01m[K/home/nikhil/ROS/ros2_ws/src/course_activities/src/led_panel.cpp:1[m[K:
[1.224s] [01m[K/opt/ros/humble/include/rclcpp/rclcpp/node_impl.hpp:207:22:[m[K [01;31m[Kerror: [m[Ktype/value mismatch at argument 1 in template parameter list for â€˜[01m[Ktemplate<rclcpp::ParameterType type> constexpr typename std::enable_if<(type == rclcpp::PARAMETER_BOOL_ARRAY), const std::vector<bool, std::allocator<bool> >&>::type rclcpp::ParameterValue::get() const[m[Kâ€™
[1.224s]   202 |     return [01;31m[Kthis->declare_parameter([m[K
[1.224s]       |            [01;31m[K~~~~~~~~~~~~~~~~~~~~~~~~[m[K
[1.224s]   203 | [01;31m[K      name,[m[K
[1.224s]       |       [01;31m[K~~~~~[m[K           
[1.224s]   204 | [01;31m[K      rclcpp::ParameterValue(default_value),[m[K
[1.224s]       |       [01;31m[K~~~~~~~~~~~~~~~~~~~~~~~~~~~~~~~~~~~~~~[m[K
[1.224s]   205 | [01;31m[K      parameter_descriptor,[m[K
[1.224s]       |       [01;31m[K~~~~~~~~~~~~~~~~~~~~~[m[K
[1.224s]   206 | [01;31m[K      ignore_override[m[K
[1.224s]       |       [01;31m[K~~~~~~~~~~~~~~~[m[K 
[1.224s]   207 | [01;31m[K    ).get<ParameterT>()[m[K;
[1.224s]       |     [01;31m[K~~~~~~~~~~~~~~~~~^~[m[K
[1.224s] [01m[K/opt/ros/humble/include/rclcpp/rclcpp/node_impl.hpp:207:22:[m[K [01;36m[Knote: [m[K  expected a constant of type â€˜[01m[Krclcpp::ParameterType[m[Kâ€™, got â€˜[01m[Kbool [3][m[Kâ€™
[1.224s] In file included from [01m[K/opt/ros/humble/include/rclcpp/rclcpp/parameter.hpp:26[m[K,
[1.224s]                  from [01m[K/opt/ros/humble/include/rclcpp/rclcpp/node_interfaces/node_parameters_interface.hpp:28[m[K,
[1.224s]                  from [01m[K/opt/ros/humble/include/rclcpp/rclcpp/node.hpp:54[m[K,
[1.224s]                  from [01m[K/opt/ros/humble/include/rclcpp/rclcpp/executors/single_threaded_executor.hpp:28[m[K,
[1.225s]                  from [01m[K/opt/ros/humble/include/rclcpp/rclcpp/executors.hpp:22[m[K,
[1.225s]                  from [01m[K/opt/ros/humble/include/rclcpp/rclcpp/rclcpp.hpp:155[m[K,
[1.225s]                  from [01m[K/home/nikhil/ROS/ros2_ws/src/course_activities/src/led_panel.cpp:1[m[K:
[1.225s] [01m[K/opt/ros/humble/include/rclcpp/rclcpp/parameter_value.hpp:217:3:[m[K [01;36m[Knote: [m[Kcandidate: â€˜[01m[Ktemplate<rclcpp::ParameterType type> constexpr typename std::enable_if<(type == rclcpp::PARAMETER_INTEGER_ARRAY), const std::vector<long int, std::allocator<long int> >&>::type rclcpp::ParameterValue::get() const[m[Kâ€™
[1.225s]   217 |   [01;36m[Kget[m[K() const
[1.225s]       |   [01;36m[K^~~[m[K
[1.225s] [01m[K/opt/ros/humble/include/rclcpp/rclcpp/parameter_value.hpp:217:3:[m[K [01;36m[Knote: [m[K  template argument deduction/substitution failed:
[1.225s] In file included from [01m[K/opt/ros/humble/include/rclcpp/rclcpp/node.hpp:1321[m[K,
[1.225s]                  from [01m[K/opt/ros/humble/include/rclcpp/rclcpp/executors/single_threaded_executor.hpp:28[m[K,
[1.225s]                  from [01m[K/opt/ros/humble/include/rclcpp/rclcpp/executors.hpp:22[m[K,
[1.225s]                  from [01m[K/opt/ros/humble/include/rclcpp/rclcpp/rclcpp.hpp:155[m[K,
[1.225s]                  from [01m[K/home/nikhil/ROS/ros2_ws/src/course_activities/src/led_panel.cpp:1[m[K:
[1.225s] [01m[K/opt/ros/humble/include/rclcpp/rclcpp/node_impl.hpp:207:22:[m[K [01;31m[Kerror: [m[Ktype/value mismatch at argument 1 in template parameter list for â€˜[01m[Ktemplate<rclcpp::ParameterType type> constexpr typename std::enable_if<(type == rclcpp::PARAMETER_INTEGER_ARRAY), const std::vector<long int, std::allocator<long int> >&>::type rclcpp::ParameterValue::get() const[m[Kâ€™
[1.225s]   202 |     return [01;31m[Kthis->declare_parameter([m[K
[1.225s]       |            [01;31m[K~~~~~~~~~~~~~~~~~~~~~~~~[m[K
[1.225s]   203 | [01;31m[K      name,[m[K
[1.225s]       |       [01;31m[K~~~~~[m[K           
[1.225s]   204 | [01;31m[K      rclcpp::ParameterValue(default_value),[m[K
[1.225s]       |       [01;31m[K~~~~~~~~~~~~~~~~~~~~~~~~~~~~~~~~~~~~~~[m[K
[1.225s]   205 | [01;31m[K      parameter_descriptor,[m[K
[1.226s]       |       [01;31m[K~~~~~~~~~~~~~~~~~~~~~[m[K
[1.226s]   206 | [01;31m[K      ignore_override[m[K
[1.226s]       |       [01;31m[K~~~~~~~~~~~~~~~[m[K 
[1.226s]   207 | [01;31m[K    ).get<ParameterT>()[m[K;
[1.226s]       |     [01;31m[K~~~~~~~~~~~~~~~~~^~[m[K
[1.226s] [01m[K/opt/ros/humble/include/rclcpp/rclcpp/node_impl.hpp:207:22:[m[K [01;36m[Knote: [m[K  expected a constant of type â€˜[01m[Krclcpp::ParameterType[m[Kâ€™, got â€˜[01m[Kbool [3][m[Kâ€™
[1.226s] In file included from [01m[K/opt/ros/humble/include/rclcpp/rclcpp/parameter.hpp:26[m[K,
[1.226s]                  from [01m[K/opt/ros/humble/include/rclcpp/rclcpp/node_interfaces/node_parameters_interface.hpp:28[m[K,
[1.226s]                  from [01m[K/opt/ros/humble/include/rclcpp/rclcpp/node.hpp:54[m[K,
[1.226s]                  from [01m[K/opt/ros/humble/include/rclcpp/rclcpp/executors/single_threaded_executor.hpp:28[m[K,
[1.226s]                  from [01m[K/opt/ros/humble/include/rclcpp/rclcpp/executors.hpp:22[m[K,
[1.226s]                  from [01m[K/opt/ros/humble/include/rclcpp/rclcpp/rclcpp.hpp:155[m[K,
[1.226s]                  from [01m[K/home/nikhil/ROS/ros2_ws/src/course_activities/src/led_panel.cpp:1[m[K:
[1.226s] [01m[K/opt/ros/humble/include/rclcpp/rclcpp/parameter_value.hpp:229:3:[m[K [01;36m[Knote: [m[Kcandidate: â€˜[01m[Ktemplate<rclcpp::ParameterType type> constexpr typename std::enable_if<(type == rclcpp::PARAMETER_DOUBLE_ARRAY), const std::vector<double, std::allocator<double> >&>::type rclcpp::ParameterValue::get() const[m[Kâ€™
[1.226s]   229 |   [01;36m[Kget[m[K() const
[1.226s]       |   [01;36m[K^~~[m[K
[1.226s] [01m[K/opt/ros/humble/include/rclcpp/rclcpp/parameter_value.hpp:229:3:[m[K [01;36m[Knote: [m[K  template argument deduction/substitution failed:
[1.226s] In file included from [01m[K/opt/ros/humble/include/rclcpp/rclcpp/node.hpp:1321[m[K,
[1.226s]                  from [01m[K/opt/ros/humble/include/rclcpp/rclcpp/executors/single_threaded_executor.hpp:28[m[K,
[1.226s]                  from [01m[K/opt/ros/humble/include/rclcpp/rclcpp/executors.hpp:22[m[K,
[1.226s]                  from [01m[K/opt/ros/humble/include/rclcpp/rclcpp/rclcpp.hpp:155[m[K,
[1.226s]                  from [01m[K/home/nikhil/ROS/ros2_ws/src/course_activities/src/led_panel.cpp:1[m[K:
[1.226s] [01m[K/opt/ros/humble/include/rclcpp/rclcpp/node_impl.hpp:207:22:[m[K [01;31m[Kerror: [m[Ktype/value mismatch at argument 1 in template parameter list for â€˜[01m[Ktemplate<rclcpp::ParameterType type> constexpr typename std::enable_if<(type == rclcpp::PARAMETER_DOUBLE_ARRAY), const std::vector<double, std::allocator<double> >&>::type rclcpp::ParameterValue::get() const[m[Kâ€™
[1.226s]   202 |     return [01;31m[Kthis->declare_parameter([m[K
[1.226s]       |            [01;31m[K~~~~~~~~~~~~~~~~~~~~~~~~[m[K
[1.226s]   203 | [01;31m[K      name,[m[K
[1.226s]       |       [01;31m[K~~~~~[m[K           
[1.226s]   204 | [01;31m[K      rclcpp::ParameterValue(default_value),[m[K
[1.226s]       |       [01;31m[K~~~~~~~~~~~~~~~~~~~~~~~~~~~~~~~~~~~~~~[m[K
[1.226s]   205 | [01;31m[K      parameter_descriptor,[m[K
[1.226s]       |       [01;31m[K~~~~~~~~~~~~~~~~~~~~~[m[K
[1.226s]   206 | [01;31m[K      ignore_override[m[K
[1.227s]       |       [01;31m[K~~~~~~~~~~~~~~~[m[K 
[1.227s]   207 | [01;31m[K    ).get<ParameterT>()[m[K;
[1.227s]       |     [01;31m[K~~~~~~~~~~~~~~~~~^~[m[K
[1.227s] [01m[K/opt/ros/humble/include/rclcpp/rclcpp/node_impl.hpp:207:22:[m[K [01;36m[Knote: [m[K  expected a constant of type â€˜[01m[Krclcpp::ParameterType[m[Kâ€™, got â€˜[01m[Kbool [3][m[Kâ€™
[1.227s] In file included from [01m[K/opt/ros/humble/include/rclcpp/rclcpp/parameter.hpp:26[m[K,
[1.227s]                  from [01m[K/opt/ros/humble/include/rclcpp/rclcpp/node_interfaces/node_parameters_interface.hpp:28[m[K,
[1.227s]                  from [01m[K/opt/ros/humble/include/rclcpp/rclcpp/node.hpp:54[m[K,
[1.227s]                  from [01m[K/opt/ros/humble/include/rclcpp/rclcpp/executors/single_threaded_executor.hpp:28[m[K,
[1.227s]                  from [01m[K/opt/ros/humble/include/rclcpp/rclcpp/executors.hpp:22[m[K,
[1.227s]                  from [01m[K/opt/ros/humble/include/rclcpp/rclcpp/rclcpp.hpp:155[m[K,
[1.227s]                  from [01m[K/home/nikhil/ROS/ros2_ws/src/course_activities/src/led_panel.cpp:1[m[K:
[1.227s] [01m[K/opt/ros/humble/include/rclcpp/rclcpp/parameter_value.hpp:241:3:[m[K [01;36m[Knote: [m[Kcandidate: â€˜[01m[Ktemplate<rclcpp::ParameterType type> constexpr typename std::enable_if<(type == rclcpp::PARAMETER_STRING_ARRAY), const std::vector<std::__cxx11::basic_string<char> >&>::type rclcpp::ParameterValue::get() const[m[Kâ€™
[1.227s]   241 |   [01;36m[Kget[m[K() const
[1.227s]       |   [01;36m[K^~~[m[K
[1.227s] [01m[K/opt/ros/humble/include/rclcpp/rclcpp/parameter_value.hpp:241:3:[m[K [01;36m[Knote: [m[K  template argument deduction/substitution failed:
[1.227s] In file included from [01m[K/opt/ros/humble/include/rclcpp/rclcpp/node.hpp:1321[m[K,
[1.227s]                  from [01m[K/opt/ros/humble/include/rclcpp/rclcpp/executors/single_threaded_executor.hpp:28[m[K,
[1.227s]                  from [01m[K/opt/ros/humble/include/rclcpp/rclcpp/executors.hpp:22[m[K,
[1.227s]                  from [01m[K/opt/ros/humble/include/rclcpp/rclcpp/rclcpp.hpp:155[m[K,
[1.227s]                  from [01m[K/home/nikhil/ROS/ros2_ws/src/course_activities/src/led_panel.cpp:1[m[K:
[1.227s] [01m[K/opt/ros/humble/include/rclcpp/rclcpp/node_impl.hpp:207:22:[m[K [01;31m[Kerror: [m[Ktype/value mismatch at argument 1 in template parameter list for â€˜[01m[Ktemplate<rclcpp::ParameterType type> constexpr typename std::enable_if<(type == rclcpp::PARAMETER_STRING_ARRAY), const std::vector<std::__cxx11::basic_string<char> >&>::type rclcpp::ParameterValue::get() const[m[Kâ€™
[1.227s]   202 |     return [01;31m[Kthis->declare_parameter([m[K
[1.227s]       |            [01;31m[K~~~~~~~~~~~~~~~~~~~~~~~~[m[K
[1.227s]   203 | [01;31m[K      name,[m[K
[1.227s]       |       [01;31m[K~~~~~[m[K           
[1.227s]   204 | [01;31m[K      rclcpp::ParameterValue(default_value),[m[K
[1.227s]       |       [01;31m[K~~~~~~~~~~~~~~~~~~~~~~~~~~~~~~~~~~~~~~[m[K
[1.227s]   205 | [01;31m[K      parameter_descriptor,[m[K
[1.227s]       |       [01;31m[K~~~~~~~~~~~~~~~~~~~~~[m[K
[1.227s]   206 | [01;31m[K      ignore_override[m[K
[1.227s]       |       [01;31m[K~~~~~~~~~~~~~~~[m[K 
[1.227s]   207 | [01;31m[K    ).get<ParameterT>()[m[K;
[1.227s]       |     [01;31m[K~~~~~~~~~~~~~~~~~^~[m[K
[1.227s] [01m[K/opt/ros/humble/include/rclcpp/rclcpp/node_impl.hpp:207:22:[m[K [01;36m[Knote: [m[K  expected a constant of type â€˜[01m[Krclcpp::ParameterType[m[Kâ€™, got â€˜[01m[Kbool [3][m[Kâ€™
[1.227s] In file included from [01m[K/opt/ros/humble/include/rclcpp/rclcpp/parameter.hpp:26[m[K,
[1.227s]                  from [01m[K/opt/ros/humble/include/rclcpp/rclcpp/node_interfaces/node_parameters_interface.hpp:28[m[K,
[1.227s]                  from [01m[K/opt/ros/humble/include/rclcpp/rclcpp/node.hpp:54[m[K,
[1.227s]                  from [01m[K/opt/ros/humble/include/rclcpp/rclcpp/executors/single_threaded_executor.hpp:28[m[K,
[1.227s]                  from [01m[K/opt/ros/humble/include/rclcpp/rclcpp/executors.hpp:22[m[K,
[1.227s]                  from [01m[K/opt/ros/humble/include/rclcpp/rclcpp/rclcpp.hpp:155[m[K,
[1.227s]                  from [01m[K/home/nikhil/ROS/ros2_ws/src/course_activities/src/led_panel.cpp:1[m[K:
[1.227s] [01m[K/opt/ros/humble/include/rclcpp/rclcpp/parameter_value.hpp:254:3:[m[K [01;36m[Knote: [m[Kcandidate: â€˜[01m[Ktemplate<class type> constexpr typename std::enable_if<std::is_same<T, bool>::value, const bool&>::type rclcpp::ParameterValue::get() const[m[Kâ€™
[1.227s]   254 |   [01;36m[Kget[m[K() const
[1.227s]       |   [01;36m[K^~~[m[K
[1.227s] [01m[K/opt/ros/humble/include/rclcpp/rclcpp/parameter_value.hpp:254:3:[m[K [01;36m[Knote: [m[K  template argument deduction/substitution failed:
[1.227s] /opt/ros/humble/include/rclcpp/rclcpp/parameter_value.hpp: In substitution of â€˜[01m[Ktemplate<class type> constexpr typename std::enable_if<std::is_same<T, bool>::value, const bool&>::type rclcpp::ParameterValue::get() const [with type = bool [3]][m[Kâ€™:
[1.228s] [01m[K/opt/ros/humble/include/rclcpp/rclcpp/node_impl.hpp:207:22:[m[K   required from â€˜[01m[Kauto rclcpp::Node::declare_parameter(const string&, const ParameterT&, const ParameterDescriptor&, bool) [with ParameterT = bool [3]; std::string = std::__cxx11::basic_string<char>; rcl_interfaces::msg::ParameterDescriptor = rcl_interfaces::msg::ParameterDescriptor_<std::allocator<void> >][m[Kâ€™
[1.228s] [01m[K/home/nikhil/ROS/ros2_ws/src/course_activities/src/led_panel.cpp:13:36:[m[K   required from here
[1.228s] [01m[K/opt/ros/humble/include/rclcpp/rclcpp/parameter_value.hpp:254:3:[m[K [01;31m[Kerror: [m[Kno type named â€˜[01m[Ktype[m[Kâ€™ in â€˜[01m[Kstruct std::enable_if<false, const bool&>[m[Kâ€™
[1.228s] /opt/ros/humble/include/rclcpp/rclcpp/node_impl.hpp: In instantiation of â€˜[01m[Kauto rclcpp::Node::declare_parameter(const string&, const ParameterT&, const ParameterDescriptor&, bool) [with ParameterT = bool [3]; std::string = std::__cxx11::basic_string<char>; rcl_interfaces::msg::ParameterDescriptor = rcl_interfaces::msg::ParameterDescriptor_<std::allocator<void> >][m[Kâ€™:
[1.228s] [01m[K/home/nikhil/ROS/ros2_ws/src/course_activities/src/led_panel.cpp:13:36:[m[K   required from here
[1.228s] [01m[K/opt/ros/humble/include/rclcpp/rclcpp/parameter_value.hpp:263:3:[m[K [01;36m[Knote: [m[Kcandidate: â€˜[01m[Ktemplate<class type> constexpr typename std::enable_if<(std::is_integral<_Tp>::value && (! std::is_same<T, bool>::value)), const long int&>::type rclcpp::ParameterValue::get() const[m[Kâ€™
[1.228s]   263 |   [01;36m[Kget[m[K() const
[1.228s]       |   [01;36m[K^~~[m[K
[1.228s] [01m[K/opt/ros/humble/include/rclcpp/rclcpp/parameter_value.hpp:263:3:[m[K [01;36m[Knote: [m[K  template argument deduction/substitution failed:
[1.228s] /opt/ros/humble/include/rclcpp/rclcpp/parameter_value.hpp: In substitution of â€˜[01m[Ktemplate<class type> constexpr typename std::enable_if<(std::is_integral<_Tp>::value && (! std::is_same<T, bool>::value)), const long int&>::type rclcpp::ParameterValue::get() const [with type = bool [3]][m[Kâ€™:
[1.228s] [01m[K/opt/ros/humble/include/rclcpp/rclcpp/node_impl.hpp:207:22:[m[K   required from â€˜[01m[Kauto rclcpp::Node::declare_parameter(const string&, const ParameterT&, const ParameterDescriptor&, bool) [with ParameterT = bool [3]; std::string = std::__cxx11::basic_string<char>; rcl_interfaces::msg::ParameterDescriptor = rcl_interfaces::msg::ParameterDescriptor_<std::allocator<void> >][m[Kâ€™
[1.228s] [01m[K/home/nikhil/ROS/ros2_ws/src/course_activities/src/led_panel.cpp:13:36:[m[K   required from here
[1.228s] [01m[K/opt/ros/humble/include/rclcpp/rclcpp/parameter_value.hpp:263:3:[m[K [01;31m[Kerror: [m[Kno type named â€˜[01m[Ktype[m[Kâ€™ in â€˜[01m[Kstruct std::enable_if<false, const long int&>[m[Kâ€™
[1.228s] /opt/ros/humble/include/rclcpp/rclcpp/node_impl.hpp: In instantiation of â€˜[01m[Kauto rclcpp::Node::declare_parameter(const string&, const ParameterT&, const ParameterDescriptor&, bool) [with ParameterT = bool [3]; std::string = std::__cxx11::basic_string<char>; rcl_interfaces::msg::ParameterDescriptor = rcl_interfaces::msg::ParameterDescriptor_<std::allocator<void> >][m[Kâ€™:
[1.228s] [01m[K/home/nikhil/ROS/ros2_ws/src/course_activities/src/led_panel.cpp:13:36:[m[K   required from here
[1.228s] [01m[K/opt/ros/humble/include/rclcpp/rclcpp/parameter_value.hpp:271:3:[m[K [01;36m[Knote: [m[Kcandidate: â€˜[01m[Ktemplate<class type> constexpr typename std::enable_if<std::is_floating_point<_Tp>::value, const double&>::type rclcpp::ParameterValue::get() const[m[Kâ€™
[1.228s]   271 |   [01;36m[Kget[m[K() const
[1.228s]       |   [01;36m[K^~~[m[K
[1.228s] [01m[K/opt/ros/humble/include/rclcpp/rclcpp/parameter_value.hpp:271:3:[m[K [01;36m[Knote: [m[K  template argument deduction/substitution failed:
[1.228s] /opt/ros/humble/include/rclcpp/rclcpp/parameter_value.hpp: In substitution of â€˜[01m[Ktemplate<class type> constexpr typename std::enable_if<std::is_floating_point<_Tp>::value, const double&>::type rclcpp::ParameterValue::get() const [with type = bool [3]][m[Kâ€™:
[1.228s] [01m[K/opt/ros/humble/include/rclcpp/rclcpp/node_impl.hpp:207:22:[m[K   required from â€˜[01m[Kauto rclcpp::Node::declare_parameter(const string&, const ParameterT&, const ParameterDescriptor&, bool) [with ParameterT = bool [3]; std::string = std::__cxx11::basic_string<char>; rcl_interfaces::msg::ParameterDescriptor = rcl_interfaces::msg::ParameterDescriptor_<std::allocator<void> >][m[Kâ€™
[1.228s] [01m[K/home/nikhil/ROS/ros2_ws/src/course_activities/src/led_panel.cpp:13:36:[m[K   required from here
[1.228s] [01m[K/opt/ros/humble/include/rclcpp/rclcpp/parameter_value.hpp:271:3:[m[K [01;31m[Kerror: [m[Kno type named â€˜[01m[Ktype[m[Kâ€™ in â€˜[01m[Kstruct std::enable_if<false, const double&>[m[Kâ€™
[1.228s] /opt/ros/humble/include/rclcpp/rclcpp/node_impl.hpp: In instantiation of â€˜[01m[Kauto rclcpp::Node::declare_parameter(const string&, const ParameterT&, const ParameterDescriptor&, bool) [with ParameterT = bool [3]; std::string = std::__cxx11::basic_string<char>; rcl_interfaces::msg::ParameterDescriptor = rcl_interfaces::msg::ParameterDescriptor_<std::allocator<void> >][m[Kâ€™:
[1.228s] [01m[K/home/nikhil/ROS/ros2_ws/src/course_activities/src/led_panel.cpp:13:36:[m[K   required from here
[1.228s] [01m[K/opt/ros/humble/include/rclcpp/rclcpp/parameter_value.hpp:279:3:[m[K [01;36m[Knote: [m[Kcandidate: â€˜[01m[Ktemplate<class type> constexpr typename std::enable_if<std::is_convertible<type, std::__cxx11::basic_string<char> >::value, const std::__cxx11::basic_string<char>&>::type rclcpp::ParameterValue::get() const[m[Kâ€™
[1.228s]   279 |   [01;36m[Kget[m[K() const
[1.228s]       |   [01;36m[K^~~[m[K
[1.228s] [01m[K/opt/ros/humble/include/rclcpp/rclcpp/parameter_value.hpp:279:3:[m[K [01;36m[Knote: [m[K  template argument deduction/substitution failed:
[1.228s] /opt/ros/humble/include/rclcpp/rclcpp/parameter_value.hpp: In substitution of â€˜[01m[Ktemplate<class type> constexpr typename std::enable_if<std::is_convertible<type, std::__cxx11::basic_string<char> >::value, const std::__cxx11::basic_string<char>&>::type rclcpp::ParameterValue::get() const [with type = bool [3]][m[Kâ€™:
[1.228s] [01m[K/opt/ros/humble/include/rclcpp/rclcpp/node_impl.hpp:207:22:[m[K   required from â€˜[01m[Kauto rclcpp::Node::declare_parameter(const string&, const ParameterT&, const ParameterDescriptor&, bool) [with ParameterT = bool [3]; std::string = std::__cxx11::basic_string<char>; rcl_interfaces::msg::ParameterDescriptor = rcl_interfaces::msg::ParameterDescriptor_<std::allocator<void> >][m[Kâ€™
[1.228s] [01m[K/home/nikhil/ROS/ros2_ws/src/course_activities/src/led_panel.cpp:13:36:[m[K   required from here
[1.228s] [01m[K/opt/ros/humble/include/rclcpp/rclcpp/parameter_value.hpp:279:3:[m[K [01;31m[Kerror: [m[Kno type named â€˜[01m[Ktype[m[Kâ€™ in â€˜[01m[Kstruct std::enable_if<false, const std::__cxx11::basic_string<char>&>[m[Kâ€™
[1.228s] /opt/ros/humble/include/rclcpp/rclcpp/node_impl.hpp: In instantiation of â€˜[01m[Kauto rclcpp::Node::declare_parameter(const string&, const ParameterT&, const ParameterDescriptor&, bool) [with ParameterT = bool [3]; std::string = std::__cxx11::basic_string<char>; rcl_interfaces::msg::ParameterDescriptor = rcl_interfaces::msg::ParameterDescriptor_<std::allocator<void> >][m[Kâ€™:
[1.228s] [01m[K/home/nikhil/ROS/ros2_ws/src/course_activities/src/led_panel.cpp:13:36:[m[K   required from here
[1.228s] [01m[K/opt/ros/humble/include/rclcpp/rclcpp/parameter_value.hpp:289:3:[m[K [01;36m[Knote: [m[Kcandidate: â€˜[01m[Ktemplate<class type> constexpr typename std::enable_if<std::is_convertible<type, const std::vector<unsigned char, std::allocator<unsigned char> >&>::value, const std::vector<unsigned char, std::allocator<unsigned char> >&>::type rclcpp::ParameterValue::get() const[m[Kâ€™
[1.228s]   289 |   [01;36m[Kget[m[K() const
[1.228s]       |   [01;36m[K^~~[m[K
[1.228s] [01m[K/opt/ros/humble/include/rclcpp/rclcpp/parameter_value.hpp:289:3:[m[K [01;36m[Knote: [m[K  template argument deduction/substitution failed:
[1.228s] /opt/ros/humble/include/rclcpp/rclcpp/parameter_value.hpp: In substitution of â€˜[01m[Ktemplate<class type> constexpr typename std::enable_if<std::is_convertible<type, const std::vector<unsigned char, std::allocator<unsigned char> >&>::value, const std::vector<unsigned char, std::allocator<unsigned char> >&>::type rclcpp::ParameterValue::get() const [with type = bool [3]][m[Kâ€™:
[1.228s] [01m[K/opt/ros/humble/include/rclcpp/rclcpp/node_impl.hpp:207:22:[m[K   required from â€˜[01m[Kauto rclcpp::Node::declare_parameter(const string&, const ParameterT&, const ParameterDescriptor&, bool) [with ParameterT = bool [3]; std::string = std::__cxx11::basic_string<char>; rcl_interfaces::msg::ParameterDescriptor = rcl_interfaces::msg::ParameterDescriptor_<std::allocator<void> >][m[Kâ€™
[1.228s] [01m[K/home/nikhil/ROS/ros2_ws/src/course_activities/src/led_panel.cpp:13:36:[m[K   required from here
[1.228s] [01m[K/opt/ros/humble/include/rclcpp/rclcpp/parameter_value.hpp:289:3:[m[K [01;31m[Kerror: [m[Kno type named â€˜[01m[Ktype[m[Kâ€™ in â€˜[01m[Kstruct std::enable_if<false, const std::vector<unsigned char, std::allocator<unsigned char> >&>[m[Kâ€™
[1.228s] /opt/ros/humble/include/rclcpp/rclcpp/node_impl.hpp: In instantiation of â€˜[01m[Kauto rclcpp::Node::declare_parameter(const string&, const ParameterT&, const ParameterDescriptor&, bool) [with ParameterT = bool [3]; std::string = std::__cxx11::basic_string<char>; rcl_interfaces::msg::ParameterDescriptor = rcl_interfaces::msg::ParameterDescriptor_<std::allocator<void> >][m[Kâ€™:
[1.228s] [01m[K/home/nikhil/ROS/ros2_ws/src/course_activities/src/led_panel.cpp:13:36:[m[K   required from here
[1.229s] [01m[K/opt/ros/humble/include/rclcpp/rclcpp/parameter_value.hpp:299:3:[m[K [01;36m[Knote: [m[Kcandidate: â€˜[01m[Ktemplate<class type> constexpr typename std::enable_if<std::is_convertible<type, const std::vector<bool, std::allocator<bool> >&>::value, const std::vector<bool, std::allocator<bool> >&>::type rclcpp::ParameterValue::get() const[m[Kâ€™
[1.229s]   299 |   [01;36m[Kget[m[K() const
[1.229s]       |   [01;36m[K^~~[m[K
[1.229s] [01m[K/opt/ros/humble/include/rclcpp/rclcpp/parameter_value.hpp:299:3:[m[K [01;36m[Knote: [m[K  template argument deduction/substitution failed:
[1.229s] /opt/ros/humble/include/rclcpp/rclcpp/parameter_value.hpp: In substitution of â€˜[01m[Ktemplate<class type> constexpr typename std::enable_if<std::is_convertible<type, const std::vector<bool, std::allocator<bool> >&>::value, const std::vector<bool, std::allocator<bool> >&>::type rclcpp::ParameterValue::get() const [with type = bool [3]][m[Kâ€™:
[1.229s] [01m[K/opt/ros/humble/include/rclcpp/rclcpp/node_impl.hpp:207:22:[m[K   required from â€˜[01m[Kauto rclcpp::Node::declare_parameter(const string&, const ParameterT&, const ParameterDescriptor&, bool) [with ParameterT = bool [3]; std::string = std::__cxx11::basic_string<char>; rcl_interfaces::msg::ParameterDescriptor = rcl_interfaces::msg::ParameterDescriptor_<std::allocator<void> >][m[Kâ€™
[1.229s] [01m[K/home/nikhil/ROS/ros2_ws/src/course_activities/src/led_panel.cpp:13:36:[m[K   required from here
[1.229s] [01m[K/opt/ros/humble/include/rclcpp/rclcpp/parameter_value.hpp:299:3:[m[K [01;31m[Kerror: [m[Kno type named â€˜[01m[Ktype[m[Kâ€™ in â€˜[01m[Kstruct std::enable_if<false, const std::vector<bool, std::allocator<bool> >&>[m[Kâ€™
[1.229s] /opt/ros/humble/include/rclcpp/rclcpp/node_impl.hpp: In instantiation of â€˜[01m[Kauto rclcpp::Node::declare_parameter(const string&, const ParameterT&, const ParameterDescriptor&, bool) [with ParameterT = bool [3]; std::string = std::__cxx11::basic_string<char>; rcl_interfaces::msg::ParameterDescriptor = rcl_interfaces::msg::ParameterDescriptor_<std::allocator<void> >][m[Kâ€™:
[1.229s] [01m[K/home/nikhil/ROS/ros2_ws/src/course_activities/src/led_panel.cpp:13:36:[m[K   required from here
[1.229s] [01m[K/opt/ros/humble/include/rclcpp/rclcpp/parameter_value.hpp:309:3:[m[K [01;36m[Knote: [m[Kcandidate: â€˜[01m[Ktemplate<class type> constexpr typename std::enable_if<std::is_convertible<type, const std::vector<int>&>::value, const std::vector<long int, std::allocator<long int> >&>::type rclcpp::ParameterValue::get() const[m[Kâ€™
[1.229s]   309 |   [01;36m[Kget[m[K() const
[1.229s]       |   [01;36m[K^~~[m[K
[1.229s] [01m[K/opt/ros/humble/include/rclcpp/rclcpp/parameter_value.hpp:309:3:[m[K [01;36m[Knote: [m[K  template argument deduction/substitution failed:
[1.229s] /opt/ros/humble/include/rclcpp/rclcpp/parameter_value.hpp: In substitution of â€˜[01m[Ktemplate<class type> constexpr typename std::enable_if<std::is_convertible<type, const std::vector<int>&>::value, const std::vector<long int, std::allocator<long int> >&>::type rclcpp::ParameterValue::get() const [with type = bool [3]][m[Kâ€™:
[1.229s] [01m[K/opt/ros/humble/include/rclcpp/rclcpp/node_impl.hpp:207:22:[m[K   required from â€˜[01m[Kauto rclcpp::Node::declare_parameter(const string&, const ParameterT&, const ParameterDescriptor&, bool) [with ParameterT = bool [3]; std::string = std::__cxx11::basic_string<char>; rcl_interfaces::msg::ParameterDescriptor = rcl_interfaces::msg::ParameterDescriptor_<std::allocator<void> >][m[Kâ€™
[1.229s] [01m[K/home/nikhil/ROS/ros2_ws/src/course_activities/src/led_panel.cpp:13:36:[m[K   required from here
[1.229s] [01m[K/opt/ros/humble/include/rclcpp/rclcpp/parameter_value.hpp:309:3:[m[K [01;31m[Kerror: [m[Kno type named â€˜[01m[Ktype[m[Kâ€™ in â€˜[01m[Kstruct std::enable_if<false, const std::vector<long int, std::allocator<long int> >&>[m[Kâ€™
[1.229s] /opt/ros/humble/include/rclcpp/rclcpp/node_impl.hpp: In instantiation of â€˜[01m[Kauto rclcpp::Node::declare_parameter(const string&, const ParameterT&, const ParameterDescriptor&, bool) [with ParameterT = bool [3]; std::string = std::__cxx11::basic_string<char>; rcl_interfaces::msg::ParameterDescriptor = rcl_interfaces::msg::ParameterDescriptor_<std::allocator<void> >][m[Kâ€™:
[1.229s] [01m[K/home/nikhil/ROS/ros2_ws/src/course_activities/src/led_panel.cpp:13:36:[m[K   required from here
[1.229s] [01m[K/opt/ros/humble/include/rclcpp/rclcpp/parameter_value.hpp:319:3:[m[K [01;36m[Knote: [m[Kcandidate: â€˜[01m[Ktemplate<class type> constexpr typename std::enable_if<std::is_convertible<type, const std::vector<long int, std::allocator<long int> >&>::value, const std::vector<long int, std::allocator<long int> >&>::type rclcpp::ParameterValue::get() const[m[Kâ€™
[1.229s]   319 |   [01;36m[Kget[m[K() const
[1.229s]       |   [01;36m[K^~~[m[K
[1.229s] [01m[K/opt/ros/humble/include/rclcpp/rclcpp/parameter_value.hpp:319:3:[m[K [01;36m[Knote: [m[K  template argument deduction/substitution failed:
[1.229s] /opt/ros/humble/include/rclcpp/rclcpp/parameter_value.hpp: In substitution of â€˜[01m[Ktemplate<class type> constexpr typename std::enable_if<std::is_convertible<type, const std::vector<long int, std::allocator<long int> >&>::value, const std::vector<long int, std::allocator<long int> >&>::type rclcpp::ParameterValue::get() const [with type = bool [3]][m[Kâ€™:
[1.229s] [01m[K/opt/ros/humble/include/rclcpp/rclcpp/node_impl.hpp:207:22:[m[K   required from â€˜[01m[Kauto rclcpp::Node::declare_parameter(const string&, const ParameterT&, const ParameterDescriptor&, bool) [with ParameterT = bool [3]; std::string = std::__cxx11::basic_string<char>; rcl_interfaces::msg::ParameterDescriptor = rcl_interfaces::msg::ParameterDescriptor_<std::allocator<void> >][m[Kâ€™
[1.229s] [01m[K/home/nikhil/ROS/ros2_ws/src/course_activities/src/led_panel.cpp:13:36:[m[K   required from here
[1.229s] [01m[K/opt/ros/humble/include/rclcpp/rclcpp/parameter_value.hpp:319:3:[m[K [01;31m[Kerror: [m[Kno type named â€˜[01m[Ktype[m[Kâ€™ in â€˜[01m[Kstruct std::enable_if<false, const std::vector<long int, std::allocator<long int> >&>[m[Kâ€™
[1.229s] /opt/ros/humble/include/rclcpp/rclcpp/node_impl.hpp: In instantiation of â€˜[01m[Kauto rclcpp::Node::declare_parameter(const string&, const ParameterT&, const ParameterDescriptor&, bool) [with ParameterT = bool [3]; std::string = std::__cxx11::basic_string<char>; rcl_interfaces::msg::ParameterDescriptor = rcl_interfaces::msg::ParameterDescriptor_<std::allocator<void> >][m[Kâ€™:
[1.229s] [01m[K/home/nikhil/ROS/ros2_ws/src/course_activities/src/led_panel.cpp:13:36:[m[K   required from here
[1.229s] [01m[K/opt/ros/humble/include/rclcpp/rclcpp/parameter_value.hpp:329:3:[m[K [01;36m[Knote: [m[Kcandidate: â€˜[01m[Ktemplate<class type> constexpr typename std::enable_if<std::is_convertible<type, const std::vector<float>&>::value, const std::vector<double, std::allocator<double> >&>::type rclcpp::ParameterValue::get() const[m[Kâ€™
[1.229s]   329 |   [01;36m[Kget[m[K() const
[1.229s]       |   [01;36m[K^~~[m[K
[1.229s] [01m[K/opt/ros/humble/include/rclcpp/rclcpp/parameter_value.hpp:329:3:[m[K [01;36m[Knote: [m[K  template argument deduction/substitution failed:
[1.229s] /opt/ros/humble/include/rclcpp/rclcpp/parameter_value.hpp: In substitution of â€˜[01m[Ktemplate<class type> constexpr typename std::enable_if<std::is_convertible<type, const std::vector<float>&>::value, const std::vector<double, std::allocator<double> >&>::type rclcpp::ParameterValue::get() const [with type = bool [3]][m[Kâ€™:
[1.229s] [01m[K/opt/ros/humble/include/rclcpp/rclcpp/node_impl.hpp:207:22:[m[K   required from â€˜[01m[Kauto rclcpp::Node::declare_parameter(const string&, const ParameterT&, const ParameterDescriptor&, bool) [with ParameterT = bool [3]; std::string = std::__cxx11::basic_string<char>; rcl_interfaces::msg::ParameterDescriptor = rcl_interfaces::msg::ParameterDescriptor_<std::allocator<void> >][m[Kâ€™
[1.229s] [01m[K/home/nikhil/ROS/ros2_ws/src/course_activities/src/led_panel.cpp:13:36:[m[K   required from here
[1.229s] [01m[K/opt/ros/humble/include/rclcpp/rclcpp/parameter_value.hpp:329:3:[m[K [01;31m[Kerror: [m[Kno type named â€˜[01m[Ktype[m[Kâ€™ in â€˜[01m[Kstruct std::enable_if<false, const std::vector<double, std::allocator<double> >&>[m[Kâ€™
[1.229s] /opt/ros/humble/include/rclcpp/rclcpp/node_impl.hpp: In instantiation of â€˜[01m[Kauto rclcpp::Node::declare_parameter(const string&, const ParameterT&, const ParameterDescriptor&, bool) [with ParameterT = bool [3]; std::string = std::__cxx11::basic_string<char>; rcl_interfaces::msg::ParameterDescriptor = rcl_interfaces::msg::ParameterDescriptor_<std::allocator<void> >][m[Kâ€™:
[1.229s] [01m[K/home/nikhil/ROS/ros2_ws/src/course_activities/src/led_panel.cpp:13:36:[m[K   required from here
[1.229s] [01m[K/opt/ros/humble/include/rclcpp/rclcpp/parameter_value.hpp:339:3:[m[K [01;36m[Knote: [m[Kcandidate: â€˜[01m[Ktemplate<class type> constexpr typename std::enable_if<std::is_convertible<type, const std::vector<double, std::allocator<double> >&>::value, const std::vector<double, std::allocator<double> >&>::type rclcpp::ParameterValue::get() const[m[Kâ€™
[1.229s]   339 |   [01;36m[Kget[m[K() const
[1.229s]       |   [01;36m[K^~~[m[K
[1.229s] [01m[K/opt/ros/humble/include/rclcpp/rclcpp/parameter_value.hpp:339:3:[m[K [01;36m[Knote: [m[K  template argument deduction/substitution failed:
[1.229s] /opt/ros/humble/include/rclcpp/rclcpp/parameter_value.hpp: In substitution of â€˜[01m[Ktemplate<class type> constexpr typename std::enable_if<std::is_convertible<type, const std::vector<double, std::allocator<double> >&>::value, const std::vector<double, std::allocator<double> >&>::type rclcpp::ParameterValue::get() const [with type = bool [3]][m[Kâ€™:
[1.229s] [01m[K/opt/ros/humble/include/rclcpp/rclcpp/node_impl.hpp:207:22:[m[K   required from â€˜[01m[Kauto rclcpp::Node::declare_parameter(const string&, const ParameterT&, const ParameterDescriptor&, bool) [with ParameterT = bool [3]; std::string = std::__cxx11::basic_string<char>; rcl_interfaces::msg::ParameterDescriptor = rcl_interfaces::msg::ParameterDescriptor_<std::allocator<void> >][m[Kâ€™
[1.230s] [01m[K/home/nikhil/ROS/ros2_ws/src/course_activities/src/led_panel.cpp:13:36:[m[K   required from here
[1.230s] [01m[K/opt/ros/humble/include/rclcpp/rclcpp/parameter_value.hpp:339:3:[m[K [01;31m[Kerror: [m[Kno type named â€˜[01m[Ktype[m[Kâ€™ in â€˜[01m[Kstruct std::enable_if<false, const std::vector<double, std::allocator<double> >&>[m[Kâ€™
[1.230s] /opt/ros/humble/include/rclcpp/rclcpp/node_impl.hpp: In instantiation of â€˜[01m[Kauto rclcpp::Node::declare_parameter(const string&, const ParameterT&, const ParameterDescriptor&, bool) [with ParameterT = bool [3]; std::string = std::__cxx11::basic_string<char>; rcl_interfaces::msg::ParameterDescriptor = rcl_interfaces::msg::ParameterDescriptor_<std::allocator<void> >][m[Kâ€™:
[1.230s] [01m[K/home/nikhil/ROS/ros2_ws/src/course_activities/src/led_panel.cpp:13:36:[m[K   required from here
[1.230s] [01m[K/opt/ros/humble/include/rclcpp/rclcpp/parameter_value.hpp:349:3:[m[K [01;36m[Knote: [m[Kcandidate: â€˜[01m[Ktemplate<class type> constexpr typename std::enable_if<std::is_convertible<type, const std::vector<std::__cxx11::basic_string<char> >&>::value, const std::vector<std::__cxx11::basic_string<char> >&>::type rclcpp::ParameterValue::get() const[m[Kâ€™
[1.230s]   349 |   [01;36m[Kget[m[K() const
[1.230s]       |   [01;36m[K^~~[m[K
[1.230s] [01m[K/opt/ros/humble/include/rclcpp/rclcpp/parameter_value.hpp:349:3:[m[K [01;36m[Knote: [m[K  template argument deduction/substitution failed:
[1.230s] /opt/ros/humble/include/rclcpp/rclcpp/parameter_value.hpp: In substitution of â€˜[01m[Ktemplate<class type> constexpr typename std::enable_if<std::is_convertible<type, const std::vector<std::__cxx11::basic_string<char> >&>::value, const std::vector<std::__cxx11::basic_string<char> >&>::type rclcpp::ParameterValue::get() const [with type = bool [3]][m[Kâ€™:
[1.230s] [01m[K/opt/ros/humble/include/rclcpp/rclcpp/node_impl.hpp:207:22:[m[K   required from â€˜[01m[Kauto rclcpp::Node::declare_parameter(const string&, const ParameterT&, const ParameterDescriptor&, bool) [with ParameterT = bool [3]; std::string = std::__cxx11::basic_string<char>; rcl_interfaces::msg::ParameterDescriptor = rcl_interfaces::msg::ParameterDescriptor_<std::allocator<void> >][m[Kâ€™
[1.230s] [01m[K/home/nikhil/ROS/ros2_ws/src/course_activities/src/led_panel.cpp:13:36:[m[K   required from here
[1.230s] [01m[K/opt/ros/humble/include/rclcpp/rclcpp/parameter_value.hpp:349:3:[m[K [01;31m[Kerror: [m[Kno type named â€˜[01m[Ktype[m[Kâ€™ in â€˜[01m[Kstruct std::enable_if<false, const std::vector<std::__cxx11::basic_string<char> >&>[m[Kâ€™
[1.721s] gmake[2]: *** [CMakeFiles/led_panel.dir/build.make:76: CMakeFiles/led_panel.dir/src/led_panel.cpp.o] Error 1
[1.721s] gmake[1]: *** [CMakeFiles/Makefile2:249: CMakeFiles/led_panel.dir/all] Error 2
[1.721s] gmake: *** [Makefile:146: all] Error 2
[1.723s] Invoked command in '/home/nikhil/ROS/ros2_ws/build/course_activities' returned '2': CMAKE_PREFIX_PATH=/home/nikhil/ROS/ros2_ws/install/my_robot_interfaces:/home/nikhil/ROS/ros2_ws/install/cpp_pkg:/home/nikhil/ROS/ros2_ws/install/course_activities:/home/nikhil/ROS/ros2_ws/install/py_pkg:/opt/ros/humble /usr/bin/cmake --build /home/nikhil/ROS/ros2_ws/build/course_activities -- -j20 -l20
