[ 16%] [34m[1mRunning `/opt/ros/humble/bin/generate_parameter_library_cpp /home/nikhil/Work/ROS/controller_ws/build/three_omniwheel_controller/include/three_omniwheel_controller/three_omniwheel_controller_parameters.hpp /home/nikhil/Work/ROS/controller_ws/src/three_omniwheel_controller/src/three_omniwheel_controller_parameter.yaml `[0m
[ 33%] [34m[1mCreating deprecated header file /home/nikhil/Work/ROS/controller_ws/build/three_omniwheel_controller/include/three_omniwheel_controller_parameters.hpp[0m
[ 33%] Built target three_omniwheel_controller_parameters
[35m[1mConsolidate compiler generated dependencies of target three_omniwheel_controller[0m
[ 50%] [32mBuilding CXX object CMakeFiles/three_omniwheel_controller.dir/src/three_omniwheel_controller.cpp.o[0m
In file included from [01m[K/home/nikhil/Work/ROS/controller_ws/src/three_omniwheel_controller/include/three_omniwheel_controller/three_omniwheel_controller.hpp:26[m[K,
                 from [01m[K/home/nikhil/Work/ROS/controller_ws/src/three_omniwheel_controller/src/three_omniwheel_controller.cpp:5[m[K:
[01m[K/home/nikhil/Work/ROS/controller_ws/build/three_omniwheel_controller/include/three_omniwheel_controller/three_omniwheel_controller_parameters.hpp:[m[K In member function â€˜[01m[Krcl_interfaces::msg::SetParametersResult three_omniwheel_controller::ParamListener::update(const std::vector<rclcpp::Parameter>&)[m[Kâ€™:
[01m[K/home/nikhil/Work/ROS/controller_ws/build/three_omniwheel_controller/include/three_omniwheel_controller/three_omniwheel_controller_parameters.hpp:310:63:[m[K [01;31m[Kerror: [m[Ktoo many arguments to function â€˜[01m[Ktl::expected<void, std::__cxx11::basic_string<char> > rsl::not_empty(const rclcpp::Parameter&) [with T = std::__cxx11::basic_string<char>][m[Kâ€™
  310 |             if(auto validation_result = [01;31m[Knot_empty<std::string>(param, true)[m[K;
      |                                         [01;31m[K~~~~~~~~~~~~~~~~~~~~~~^~~~~~~~~~~~~[m[K
In file included from [01m[K/home/nikhil/Work/ROS/controller_ws/build/three_omniwheel_controller/include/three_omniwheel_controller/three_omniwheel_controller_parameters.hpp:28[m[K,
                 from [01m[K/home/nikhil/Work/ROS/controller_ws/src/three_omniwheel_controller/include/three_omniwheel_controller/three_omniwheel_controller.hpp:26[m[K,
                 from [01m[K/home/nikhil/Work/ROS/controller_ws/src/three_omniwheel_controller/src/three_omniwheel_controller.cpp:5[m[K:
[01m[K/opt/ros/humble/include/rsl/rsl/parameter_validators.hpp:127:20:[m[K [01;36m[Knote: [m[Kdeclared here
  127 | [[nodiscard]] auto [01;36m[Knot_empty[m[K(rclcpp::Parameter const& parameter)
      |                    [01;36m[K^~~~~~~~~[m[K
In file included from [01m[K/home/nikhil/Work/ROS/controller_ws/src/three_omniwheel_controller/include/three_omniwheel_controller/three_omniwheel_controller.hpp:26[m[K,
                 from [01m[K/home/nikhil/Work/ROS/controller_ws/src/three_omniwheel_controller/src/three_omniwheel_controller.cpp:5[m[K:
[01m[K/home/nikhil/Work/ROS/controller_ws/build/three_omniwheel_controller/include/three_omniwheel_controller/three_omniwheel_controller_parameters.hpp:[m[K In member function â€˜[01m[Kvoid three_omniwheel_controller::ParamListener::declare_params()[m[Kâ€™:
[01m[K/home/nikhil/Work/ROS/controller_ws/build/three_omniwheel_controller/include/three_omniwheel_controller/three_omniwheel_controller_parameters.hpp:958:57:[m[K [01;31m[Kerror: [m[Ktoo many arguments to function â€˜[01m[Ktl::expected<void, std::__cxx11::basic_string<char> > rsl::not_empty(const rclcpp::Parameter&) [with T = std::__cxx11::basic_string<char>][m[Kâ€™
  958 |       if(auto validation_result = [01;31m[Knot_empty<std::string>(param, true)[m[K;
      |                                   [01;31m[K~~~~~~~~~~~~~~~~~~~~~~^~~~~~~~~~~~~[m[K
In file included from [01m[K/home/nikhil/Work/ROS/controller_ws/build/three_omniwheel_controller/include/three_omniwheel_controller/three_omniwheel_controller_parameters.hpp:28[m[K,
                 from [01m[K/home/nikhil/Work/ROS/controller_ws/src/three_omniwheel_controller/include/three_omniwheel_controller/three_omniwheel_controller.hpp:26[m[K,
                 from [01m[K/home/nikhil/Work/ROS/controller_ws/src/three_omniwheel_controller/src/three_omniwheel_controller.cpp:5[m[K:
[01m[K/opt/ros/humble/include/rsl/rsl/parameter_validators.hpp:127:20:[m[K [01;36m[Knote: [m[Kdeclared here
  127 | [[nodiscard]] auto [01;36m[Knot_empty[m[K(rclcpp::Parameter const& parameter)
      |                    [01;36m[K^~~~~~~~~[m[K
gmake[2]: *** [CMakeFiles/three_omniwheel_controller.dir/build.make:76: CMakeFiles/three_omniwheel_controller.dir/src/three_omniwheel_controller.cpp.o] Error 1
gmake[1]: *** [CMakeFiles/Makefile2:165: CMakeFiles/three_omniwheel_controller.dir/all] Error 2
gmake: *** [Makefile:146: all] Error 2
