[0.008s] Invoking command in '/home/nikhil/Work/ROS/controller_ws/build/three_omniwheel_controller': CMAKE_PREFIX_PATH=${CMAKE_PREFIX_PATH}:/home/nikhil/Work/ROS/ros2_ws/install/py_pkg:/opt/ros/humble /usr/bin/cmake --build /home/nikhil/Work/ROS/controller_ws/build/three_omniwheel_controller -- -j20 -l20
[0.047s] [ 16%] [34m[1mRunning `/opt/ros/humble/bin/generate_parameter_library_cpp /home/nikhil/Work/ROS/controller_ws/build/three_omniwheel_controller/include/three_omniwheel_controller/three_omniwheel_controller_parameters.hpp /home/nikhil/Work/ROS/controller_ws/src/three_omniwheel_controller/src/three_omniwheel_controller_parameter.yaml `[0m
[0.642s] [ 33%] [34m[1mCreating deprecated header file /home/nikhil/Work/ROS/controller_ws/build/three_omniwheel_controller/include/three_omniwheel_controller_parameters.hpp[0m
[0.674s] [ 33%] Built target three_omniwheel_controller_parameters
[0.689s] [35m[1mConsolidate compiler generated dependencies of target three_omniwheel_controller[0m
[0.704s] [ 50%] [32mBuilding CXX object CMakeFiles/three_omniwheel_controller.dir/src/three_omniwheel_controller.cpp.o[0m
[1.935s] In file included from [01m[K/home/nikhil/Work/ROS/controller_ws/src/three_omniwheel_controller/include/three_omniwheel_controller/three_omniwheel_controller.hpp:26[m[K,
[1.935s]                  from [01m[K/home/nikhil/Work/ROS/controller_ws/src/three_omniwheel_controller/src/three_omniwheel_controller.cpp:5[m[K:
[1.935s] [01m[K/home/nikhil/Work/ROS/controller_ws/build/three_omniwheel_controller/include/three_omniwheel_controller/three_omniwheel_controller_parameters.hpp:[m[K In member function â€˜[01m[Krcl_interfaces::msg::SetParametersResult three_omniwheel_controller::ParamListener::update(const std::vector<rclcpp::Parameter>&)[m[Kâ€™:
[1.935s] [01m[K/home/nikhil/Work/ROS/controller_ws/build/three_omniwheel_controller/include/three_omniwheel_controller/three_omniwheel_controller_parameters.hpp:310:63:[m[K [01;31m[Kerror: [m[Ktoo many arguments to function â€˜[01m[Ktl::expected<void, std::__cxx11::basic_string<char> > rsl::not_empty(const rclcpp::Parameter&) [with T = std::__cxx11::basic_string<char>][m[Kâ€™
[1.935s]   310 |             if(auto validation_result = [01;31m[Knot_empty<std::string>(param, true)[m[K;
[1.935s]       |                                         [01;31m[K~~~~~~~~~~~~~~~~~~~~~~^~~~~~~~~~~~~[m[K
[1.935s] In file included from [01m[K/home/nikhil/Work/ROS/controller_ws/build/three_omniwheel_controller/include/three_omniwheel_controller/three_omniwheel_controller_parameters.hpp:28[m[K,
[1.935s]                  from [01m[K/home/nikhil/Work/ROS/controller_ws/src/three_omniwheel_controller/include/three_omniwheel_controller/three_omniwheel_controller.hpp:26[m[K,
[1.935s]                  from [01m[K/home/nikhil/Work/ROS/controller_ws/src/three_omniwheel_controller/src/three_omniwheel_controller.cpp:5[m[K:
[1.935s] [01m[K/opt/ros/humble/include/rsl/rsl/parameter_validators.hpp:127:20:[m[K [01;36m[Knote: [m[Kdeclared here
[1.935s]   127 | [[nodiscard]] auto [01;36m[Knot_empty[m[K(rclcpp::Parameter const& parameter)
[1.935s]       |                    [01;36m[K^~~~~~~~~[m[K
[1.966s] In file included from [01m[K/home/nikhil/Work/ROS/controller_ws/src/three_omniwheel_controller/include/three_omniwheel_controller/three_omniwheel_controller.hpp:26[m[K,
[1.966s]                  from [01m[K/home/nikhil/Work/ROS/controller_ws/src/three_omniwheel_controller/src/three_omniwheel_controller.cpp:5[m[K:
[1.966s] [01m[K/home/nikhil/Work/ROS/controller_ws/build/three_omniwheel_controller/include/three_omniwheel_controller/three_omniwheel_controller_parameters.hpp:[m[K In member function â€˜[01m[Kvoid three_omniwheel_controller::ParamListener::declare_params()[m[Kâ€™:
[1.966s] [01m[K/home/nikhil/Work/ROS/controller_ws/build/three_omniwheel_controller/include/three_omniwheel_controller/three_omniwheel_controller_parameters.hpp:958:57:[m[K [01;31m[Kerror: [m[Ktoo many arguments to function â€˜[01m[Ktl::expected<void, std::__cxx11::basic_string<char> > rsl::not_empty(const rclcpp::Parameter&) [with T = std::__cxx11::basic_string<char>][m[Kâ€™
[1.966s]   958 |       if(auto validation_result = [01;31m[Knot_empty<std::string>(param, true)[m[K;
[1.966s]       |                                   [01;31m[K~~~~~~~~~~~~~~~~~~~~~~^~~~~~~~~~~~~[m[K
[1.966s] In file included from [01m[K/home/nikhil/Work/ROS/controller_ws/build/three_omniwheel_controller/include/three_omniwheel_controller/three_omniwheel_controller_parameters.hpp:28[m[K,
[1.966s]                  from [01m[K/home/nikhil/Work/ROS/controller_ws/src/three_omniwheel_controller/include/three_omniwheel_controller/three_omniwheel_controller.hpp:26[m[K,
[1.966s]                  from [01m[K/home/nikhil/Work/ROS/controller_ws/src/three_omniwheel_controller/src/three_omniwheel_controller.cpp:5[m[K:
[1.966s] [01m[K/opt/ros/humble/include/rsl/rsl/parameter_validators.hpp:127:20:[m[K [01;36m[Knote: [m[Kdeclared here
[1.966s]   127 | [[nodiscard]] auto [01;36m[Knot_empty[m[K(rclcpp::Parameter const& parameter)
[1.966s]       |                    [01;36m[K^~~~~~~~~[m[K
[3.944s] gmake[2]: *** [CMakeFiles/three_omniwheel_controller.dir/build.make:76: CMakeFiles/three_omniwheel_controller.dir/src/three_omniwheel_controller.cpp.o] Error 1
[3.944s] gmake[1]: *** [CMakeFiles/Makefile2:165: CMakeFiles/three_omniwheel_controller.dir/all] Error 2
[3.944s] gmake: *** [Makefile:146: all] Error 2
[3.946s] Invoked command in '/home/nikhil/Work/ROS/controller_ws/build/three_omniwheel_controller' returned '2': CMAKE_PREFIX_PATH=${CMAKE_PREFIX_PATH}:/home/nikhil/Work/ROS/ros2_ws/install/py_pkg:/opt/ros/humble /usr/bin/cmake --build /home/nikhil/Work/ROS/controller_ws/build/three_omniwheel_controller -- -j20 -l20
