[0.011s] Invoking command in '/home/nikhil/Work/ROS/controller_ws/build/three_omniwheel_controller': CMAKE_PREFIX_PATH=${CMAKE_PREFIX_PATH}:/home/nikhil/Work/ROS/ros2_ws/install/py_pkg:/opt/ros/humble /usr/bin/cmake --build /home/nikhil/Work/ROS/controller_ws/build/three_omniwheel_controller -- -j20 -l20
[0.056s] [ 33%] Built target three_omniwheel_controller_parameters
[0.070s] [35m[1mConsolidate compiler generated dependencies of target three_omniwheel_controller[0m
[0.090s] [ 50%] [32mBuilding CXX object CMakeFiles/three_omniwheel_controller.dir/src/three_omniwheel_controller.cpp.o[0m
[1.733s] [01m[K/home/nikhil/Work/ROS/controller_ws/src/three_omniwheel_controller/src/three_omniwheel_controller.cpp:626:78:[m[K [01;31m[Kerror: [m[Kexpected â€˜[01m[K,[m[Kâ€™ or â€˜[01m[K...[m[Kâ€™ before â€˜[01m[K_name[m[Kâ€™
[1.733s]   626 |         const std::string &side, const std::vector<std::string> &drive_wheel [01;31m[K_name[m[K,
[1.733s]       |                                                                              [01;31m[K^~~~~[m[K
[1.733s] [01m[K/home/nikhil/Work/ROS/controller_ws/src/three_omniwheel_controller/src/three_omniwheel_controller.cpp:625:42:[m[K [01;31m[Kerror: [m[Kno declaration matches â€˜[01m[Kcontroller_interface::CallbackReturn three_omniwheel_controller::ThreeOmniwheelController::configure_drive_wheel(const string&, const std::vector<std::__cxx11::basic_string<char> >&)[m[Kâ€™
[1.733s]   625 |     controller_interface::CallbackReturn [01;31m[KThreeOmniwheelController[m[K::configure_drive_wheel(
[1.733s]       |                                          [01;31m[K^~~~~~~~~~~~~~~~~~~~~~~~[m[K
[1.733s] In file included from [01m[K/home/nikhil/Work/ROS/controller_ws/src/three_omniwheel_controller/src/three_omniwheel_controller.cpp:5[m[K:
[1.733s] [01m[K/home/nikhil/Work/ROS/controller_ws/src/three_omniwheel_controller/include/three_omniwheel_controller/three_omniwheel_controller.hpp:104:46:[m[K [01;36m[Knote: [m[Kcandidate is: â€˜[01m[Kcontroller_interface::CallbackReturn three_omniwheel_controller::ThreeOmniwheelController::configure_drive_wheel(const string&, const std::vector<std::__cxx11::basic_string<char> >&, std::vector<three_omniwheel_controller::ThreeOmniwheelController::DriveWheelHandle>&)[m[Kâ€™
[1.733s]   104 |         controller_interface::CallbackReturn [01;36m[Kconfigure_drive_wheel[m[K(
[1.733s]       |                                              [01;36m[K^~~~~~~~~~~~~~~~~~~~~[m[K
[1.733s] In file included from [01m[K/home/nikhil/Work/ROS/controller_ws/src/three_omniwheel_controller/src/three_omniwheel_controller.cpp:5[m[K:
[1.733s] [01m[K/home/nikhil/Work/ROS/controller_ws/src/three_omniwheel_controller/include/three_omniwheel_controller/three_omniwheel_controller.hpp:30:11:[m[K [01;36m[Knote: [m[Kâ€˜[01m[Kclass three_omniwheel_controller::ThreeOmniwheelController[m[Kâ€™ defined here
[1.733s]    30 |     class [01;36m[KThreeOmniwheelController[m[K : public controller_interface::ControllerInterface
[1.733s]       |           [01;36m[K^~~~~~~~~~~~~~~~~~~~~~~~[m[K
[3.767s] gmake[2]: *** [CMakeFiles/three_omniwheel_controller.dir/build.make:76: CMakeFiles/three_omniwheel_controller.dir/src/three_omniwheel_controller.cpp.o] Error 1
[3.767s] gmake[1]: *** [CMakeFiles/Makefile2:165: CMakeFiles/three_omniwheel_controller.dir/all] Error 2
[3.767s] gmake: *** [Makefile:146: all] Error 2
[3.769s] Invoked command in '/home/nikhil/Work/ROS/controller_ws/build/three_omniwheel_controller' returned '2': CMAKE_PREFIX_PATH=${CMAKE_PREFIX_PATH}:/home/nikhil/Work/ROS/ros2_ws/install/py_pkg:/opt/ros/humble /usr/bin/cmake --build /home/nikhil/Work/ROS/controller_ws/build/three_omniwheel_controller -- -j20 -l20
