[35m[1mConsolidate compiler generated dependencies of target controller[0m
[ 14%] Built target number_counter
[ 21%] [32mBuilding CXX object CMakeFiles/new_turtle.dir/src/new_turtle.cpp.o[0m
[ 35%] Built target number_publisher
[ 42%] [32mBuilding CXX object CMakeFiles/led_panel.dir/src/led_panel.cpp.o[0m
[ 50%] [32mBuilding CXX object CMakeFiles/battery_status.dir/src/battery_status.cpp.o[0m
[ 64%] Built target reset_counter_client
[ 71%] [32mBuilding CXX object CMakeFiles/controller.dir/src/controller.cpp.o[0m
In file included from [01m[K/opt/ros/humble/include/rclcpp/rclcpp/topic_statistics/subscription_topic_statistics.hpp:31[m[K,
                 from [01m[K/opt/ros/humble/include/rclcpp/rclcpp/subscription.hpp:50[m[K,
                 from [01m[K/opt/ros/humble/include/rclcpp/rclcpp/any_executable.hpp:25[m[K,
                 from [01m[K/opt/ros/humble/include/rclcpp/rclcpp/memory_strategy.hpp:25[m[K,
                 from [01m[K/opt/ros/humble/include/rclcpp/rclcpp/memory_strategies.hpp:18[m[K,
                 from [01m[K/opt/ros/humble/include/rclcpp/rclcpp/executor_options.hpp:20[m[K,
                 from [01m[K/opt/ros/humble/include/rclcpp/rclcpp/executor.hpp:37[m[K,
                 from [01m[K/opt/ros/humble/include/rclcpp/rclcpp/executors/multi_threaded_executor.hpp:25[m[K,
                 from [01m[K/opt/ros/humble/include/rclcpp/rclcpp/executors.hpp:21[m[K,
                 from [01m[K/opt/ros/humble/include/rclcpp/rclcpp/rclcpp.hpp:155[m[K,
                 from [01m[K/home/nikhil/ROS/ros2_ws/src/course_activities/src/controller.cpp:2[m[K:
/opt/ros/humble/include/rclcpp/rclcpp/publisher.hpp: In instantiation of â€˜[01m[Kclass rclcpp::Publisher<turtlesim::srv::Kill>[m[Kâ€™:
[01m[K/home/nikhil/ROS/ros2_ws/src/course_activities/src/controller.cpp:141:48:[m[K   required from here
[01m[K/opt/ros/humble/include/rclcpp/rclcpp/publisher.hpp:81:47:[m[K [01;31m[Kerror: [m[Kstatic assertion failed: given message type is not compatible with ROS and cannot be used with a Publisher
   81 |     rclcpp::is_ros_compatible_type<MessageT>::[01;31m[Kvalue[m[K,
      |                                               [01;31m[K^~~~~[m[K
[01m[K/opt/ros/humble/include/rclcpp/rclcpp/publisher.hpp:81:47:[m[K [01;36m[Knote: [m[Kâ€˜[01m[Krclcpp::is_ros_compatible_type<turtlesim::srv::Kill>::value[m[Kâ€™ evaluates to false
[ 78%] [32m[1mLinking CXX executable battery_status[0m
[ 78%] Built target battery_status
[ 85%] [32m[1mLinking CXX executable led_panel[0m
[ 92%] [32m[1mLinking CXX executable new_turtle[0m
[ 92%] Built target led_panel
[ 92%] Built target new_turtle
gmake[2]: *** [CMakeFiles/controller.dir/build.make:76: CMakeFiles/controller.dir/src/controller.cpp.o] Error 1
gmake[1]: *** [CMakeFiles/Makefile2:305: CMakeFiles/controller.dir/all] Error 2
gmake: *** [Makefile:146: all] Error 2
