[ 33%] Built target three_omniwheel_controller_parameters
[ 50%] [32mBuilding CXX object CMakeFiles/three_omniwheel_controller.dir/src/three_omniwheel_controller.cpp.o[0m
[01m[K/home/nikhil/Work/ROS/controller_ws/src/three_omniwheel_controller/src/three_omniwheel_controller.cpp:[m[K In member function â€˜[01m[Kvirtual controller_interface::CallbackReturn three_omniwheel_controller::ThreeOmniwheelController::on_configure(const rclcpp_lifecycle::State&)[m[Kâ€™:
[01m[K/home/nikhil/Work/ROS/controller_ws/src/three_omniwheel_controller/src/three_omniwheel_controller.cpp:362:9:[m[K [01;31m[Kerror: [m[Kâ€˜[01m[Klimiter_angular__x_[m[Kâ€™ was not declared in this scope; did you mean â€˜[01m[Klimiter_angular_x_[m[Kâ€™?
  362 |         [01;31m[Klimiter_angular__x_[m[K = SpeedLimiter(
      |         [01;31m[K^~~~~~~~~~~~~~~~~~~[m[K
      |         [32m[Klimiter_angular_x_[m[K
gmake[2]: *** [CMakeFiles/three_omniwheel_controller.dir/build.make:76: CMakeFiles/three_omniwheel_controller.dir/src/three_omniwheel_controller.cpp.o] Error 1
gmake[1]: *** [CMakeFiles/Makefile2:165: CMakeFiles/three_omniwheel_controller.dir/all] Error 2
gmake: *** [Makefile:146: all] Error 2
