[0.007s] Invoking command in '/home/nikhil/Work/ROS/controller_ws/build/three_omniwheel_controller': CMAKE_PREFIX_PATH=${CMAKE_PREFIX_PATH}:/home/nikhil/Work/ROS/ros2_ws/install/py_pkg:/opt/ros/humble /usr/bin/cmake --build /home/nikhil/Work/ROS/controller_ws/build/three_omniwheel_controller -- -j20 -l20
[0.044s] [ 33%] Built target three_omniwheel_controller_parameters
[0.064s] [ 50%] [32mBuilding CXX object CMakeFiles/three_omniwheel_controller.dir/src/three_omniwheel_controller.cpp.o[0m
[1.453s] [01m[K/home/nikhil/Work/ROS/controller_ws/src/three_omniwheel_controller/src/three_omniwheel_controller.cpp:[m[K In member function â€˜[01m[Kvirtual controller_interface::CallbackReturn three_omniwheel_controller::ThreeOmniwheelController::on_configure(const rclcpp_lifecycle::State&)[m[Kâ€™:
[1.453s] [01m[K/home/nikhil/Work/ROS/controller_ws/src/three_omniwheel_controller/src/three_omniwheel_controller.cpp:362:9:[m[K [01;31m[Kerror: [m[Kâ€˜[01m[Klimiter_angular__x_[m[Kâ€™ was not declared in this scope; did you mean â€˜[01m[Klimiter_angular_x_[m[Kâ€™?
[1.453s]   362 |         [01;31m[Klimiter_angular__x_[m[K = SpeedLimiter(
[1.453s]       |         [01;31m[K^~~~~~~~~~~~~~~~~~~[m[K
[1.453s]       |         [32m[Klimiter_angular_x_[m[K
[3.371s] gmake[2]: *** [CMakeFiles/three_omniwheel_controller.dir/build.make:76: CMakeFiles/three_omniwheel_controller.dir/src/three_omniwheel_controller.cpp.o] Error 1
[3.371s] gmake[1]: *** [CMakeFiles/Makefile2:165: CMakeFiles/three_omniwheel_controller.dir/all] Error 2
[3.371s] gmake: *** [Makefile:146: all] Error 2
[3.374s] Invoked command in '/home/nikhil/Work/ROS/controller_ws/build/three_omniwheel_controller' returned '2': CMAKE_PREFIX_PATH=${CMAKE_PREFIX_PATH}:/home/nikhil/Work/ROS/ros2_ws/install/py_pkg:/opt/ros/humble /usr/bin/cmake --build /home/nikhil/Work/ROS/controller_ws/build/three_omniwheel_controller -- -j20 -l20
