In file included from [01m[K/home/nikhil/Work/ROS/controller_ws/src/three_omniwheel_controller/include/three_omniwheel_controller/three_omniwheel_controller.hpp:26[m[K,
                 from [01m[K/home/nikhil/Work/ROS/controller_ws/src/three_omniwheel_controller/src/three_omniwheel_controller.cpp:5[m[K:
[01m[K/home/nikhil/Work/ROS/controller_ws/build/three_omniwheel_controller/include/three_omniwheel_controller/three_omniwheel_controller_parameters.hpp:[m[K In member function â€˜[01m[Krcl_interfaces::msg::SetParametersResult three_omniwheel_controller::ParamListener::update(const std::vector<rclcpp::Parameter>&)[m[Kâ€™:
[01m[K/home/nikhil/Work/ROS/controller_ws/build/three_omniwheel_controller/include/three_omniwheel_controller/three_omniwheel_controller_parameters.hpp:310:50:[m[K [01;31m[Kerror: [m[Kno matching function for call to â€˜[01m[Knot_empty(const rclcpp::Parameter&, bool)[m[Kâ€™
  310 |             if(auto validation_result = [01;31m[Knot_empty(param, true)[m[K;
      |                                         [01;31m[K~~~~~~~~~^~~~~~~~~~~~~[m[K
In file included from [01m[K/home/nikhil/Work/ROS/controller_ws/build/three_omniwheel_controller/include/three_omniwheel_controller/three_omniwheel_controller_parameters.hpp:28[m[K,
                 from [01m[K/home/nikhil/Work/ROS/controller_ws/src/three_omniwheel_controller/include/three_omniwheel_controller/three_omniwheel_controller.hpp:26[m[K,
                 from [01m[K/home/nikhil/Work/ROS/controller_ws/src/three_omniwheel_controller/src/three_omniwheel_controller.cpp:5[m[K:
[01m[K/opt/ros/humble/include/rsl/rsl/parameter_validators.hpp:127:20:[m[K [01;36m[Knote: [m[Kcandidate: â€˜[01m[Ktemplate<class T> tl::expected<void, std::__cxx11::basic_string<char> > rsl::not_empty(const rclcpp::Parameter&)[m[Kâ€™
  127 | [[nodiscard]] auto [01;36m[Knot_empty[m[K(rclcpp::Parameter const& parameter)
      |                    [01;36m[K^~~~~~~~~[m[K
[01m[K/opt/ros/humble/include/rsl/rsl/parameter_validators.hpp:127:20:[m[K [01;36m[Knote: [m[K  template argument deduction/substitution failed:
In file included from [01m[K/home/nikhil/Work/ROS/controller_ws/src/three_omniwheel_controller/include/three_omniwheel_controller/three_omniwheel_controller.hpp:26[m[K,
                 from [01m[K/home/nikhil/Work/ROS/controller_ws/src/three_omniwheel_controller/src/three_omniwheel_controller.cpp:5[m[K:
[01m[K/home/nikhil/Work/ROS/controller_ws/build/three_omniwheel_controller/include/three_omniwheel_controller/three_omniwheel_controller_parameters.hpp:310:50:[m[K [01;36m[Knote: [m[K  candidate expects 1 argument, 2 provided
  310 |             if(auto validation_result = [01;36m[Knot_empty(param, true)[m[K;
      |                                         [01;36m[K~~~~~~~~~^~~~~~~~~~~~~[m[K
[01m[K/home/nikhil/Work/ROS/controller_ws/build/three_omniwheel_controller/include/three_omniwheel_controller/three_omniwheel_controller_parameters.hpp:318:50:[m[K [01;31m[Kerror: [m[Kno matching function for call to â€˜[01m[Knot_empty(const rclcpp::Parameter&, bool)[m[Kâ€™
  318 |             if(auto validation_result = [01;31m[Knot_empty(param, true)[m[K;
      |                                         [01;31m[K~~~~~~~~~^~~~~~~~~~~~~[m[K
In file included from [01m[K/home/nikhil/Work/ROS/controller_ws/build/three_omniwheel_controller/include/three_omniwheel_controller/three_omniwheel_controller_parameters.hpp:28[m[K,
                 from [01m[K/home/nikhil/Work/ROS/controller_ws/src/three_omniwheel_controller/include/three_omniwheel_controller/three_omniwheel_controller.hpp:26[m[K,
                 from [01m[K/home/nikhil/Work/ROS/controller_ws/src/three_omniwheel_controller/src/three_omniwheel_controller.cpp:5[m[K:
[01m[K/opt/ros/humble/include/rsl/rsl/parameter_validators.hpp:127:20:[m[K [01;36m[Knote: [m[Kcandidate: â€˜[01m[Ktemplate<class T> tl::expected<void, std::__cxx11::basic_string<char> > rsl::not_empty(const rclcpp::Parameter&)[m[Kâ€™
  127 | [[nodiscard]] auto [01;36m[Knot_empty[m[K(rclcpp::Parameter const& parameter)
      |                    [01;36m[K^~~~~~~~~[m[K
[01m[K/opt/ros/humble/include/rsl/rsl/parameter_validators.hpp:127:20:[m[K [01;36m[Knote: [m[K  template argument deduction/substitution failed:
In file included from [01m[K/home/nikhil/Work/ROS/controller_ws/src/three_omniwheel_controller/include/three_omniwheel_controller/three_omniwheel_controller.hpp:26[m[K,
                 from [01m[K/home/nikhil/Work/ROS/controller_ws/src/three_omniwheel_controller/src/three_omniwheel_controller.cpp:5[m[K:
[01m[K/home/nikhil/Work/ROS/controller_ws/build/three_omniwheel_controller/include/three_omniwheel_controller/three_omniwheel_controller_parameters.hpp:318:50:[m[K [01;36m[Knote: [m[K  candidate expects 1 argument, 2 provided
  318 |             if(auto validation_result = [01;36m[Knot_empty(param, true)[m[K;
      |                                         [01;36m[K~~~~~~~~~^~~~~~~~~~~~~[m[K
[01m[K/home/nikhil/Work/ROS/controller_ws/build/three_omniwheel_controller/include/three_omniwheel_controller/three_omniwheel_controller_parameters.hpp:326:50:[m[K [01;31m[Kerror: [m[Kno matching function for call to â€˜[01m[Knot_empty(const rclcpp::Parameter&, bool)[m[Kâ€™
  326 |             if(auto validation_result = [01;31m[Knot_empty(param, true)[m[K;
      |                                         [01;31m[K~~~~~~~~~^~~~~~~~~~~~~[m[K
In file included from [01m[K/home/nikhil/Work/ROS/controller_ws/build/three_omniwheel_controller/include/three_omniwheel_controller/three_omniwheel_controller_parameters.hpp:28[m[K,
                 from [01m[K/home/nikhil/Work/ROS/controller_ws/src/three_omniwheel_controller/include/three_omniwheel_controller/three_omniwheel_controller.hpp:26[m[K,
                 from [01m[K/home/nikhil/Work/ROS/controller_ws/src/three_omniwheel_controller/src/three_omniwheel_controller.cpp:5[m[K:
[01m[K/opt/ros/humble/include/rsl/rsl/parameter_validators.hpp:127:20:[m[K [01;36m[Knote: [m[Kcandidate: â€˜[01m[Ktemplate<class T> tl::expected<void, std::__cxx11::basic_string<char> > rsl::not_empty(const rclcpp::Parameter&)[m[Kâ€™
  127 | [[nodiscard]] auto [01;36m[Knot_empty[m[K(rclcpp::Parameter const& parameter)
      |                    [01;36m[K^~~~~~~~~[m[K
[01m[K/opt/ros/humble/include/rsl/rsl/parameter_validators.hpp:127:20:[m[K [01;36m[Knote: [m[K  template argument deduction/substitution failed:
In file included from [01m[K/home/nikhil/Work/ROS/controller_ws/src/three_omniwheel_controller/include/three_omniwheel_controller/three_omniwheel_controller.hpp:26[m[K,
                 from [01m[K/home/nikhil/Work/ROS/controller_ws/src/three_omniwheel_controller/src/three_omniwheel_controller.cpp:5[m[K:
[01m[K/home/nikhil/Work/ROS/controller_ws/build/three_omniwheel_controller/include/three_omniwheel_controller/three_omniwheel_controller_parameters.hpp:326:50:[m[K [01;36m[Knote: [m[K  candidate expects 1 argument, 2 provided
  326 |             if(auto validation_result = [01;36m[Knot_empty(param, true)[m[K;
      |                                         [01;36m[K~~~~~~~~~^~~~~~~~~~~~~[m[K
[01m[K/home/nikhil/Work/ROS/controller_ws/build/three_omniwheel_controller/include/three_omniwheel_controller/three_omniwheel_controller_parameters.hpp:334:50:[m[K [01;31m[Kerror: [m[Kno matching function for call to â€˜[01m[Knot_empty(const rclcpp::Parameter&, bool)[m[Kâ€™
  334 |             if(auto validation_result = [01;31m[Knot_empty(param, true)[m[K;
      |                                         [01;31m[K~~~~~~~~~^~~~~~~~~~~~~[m[K
In file included from [01m[K/home/nikhil/Work/ROS/controller_ws/build/three_omniwheel_controller/include/three_omniwheel_controller/three_omniwheel_controller_parameters.hpp:28[m[K,
                 from [01m[K/home/nikhil/Work/ROS/controller_ws/src/three_omniwheel_controller/include/three_omniwheel_controller/three_omniwheel_controller.hpp:26[m[K,
                 from [01m[K/home/nikhil/Work/ROS/controller_ws/src/three_omniwheel_controller/src/three_omniwheel_controller.cpp:5[m[K:
[01m[K/opt/ros/humble/include/rsl/rsl/parameter_validators.hpp:127:20:[m[K [01;36m[Knote: [m[Kcandidate: â€˜[01m[Ktemplate<class T> tl::expected<void, std::__cxx11::basic_string<char> > rsl::not_empty(const rclcpp::Parameter&)[m[Kâ€™
  127 | [[nodiscard]] auto [01;36m[Knot_empty[m[K(rclcpp::Parameter const& parameter)
      |                    [01;36m[K^~~~~~~~~[m[K
[01m[K/opt/ros/humble/include/rsl/rsl/parameter_validators.hpp:127:20:[m[K [01;36m[Knote: [m[K  template argument deduction/substitution failed:
In file included from [01m[K/home/nikhil/Work/ROS/controller_ws/src/three_omniwheel_controller/include/three_omniwheel_controller/three_omniwheel_controller.hpp:26[m[K,
                 from [01m[K/home/nikhil/Work/ROS/controller_ws/src/three_omniwheel_controller/src/three_omniwheel_controller.cpp:5[m[K:
[01m[K/home/nikhil/Work/ROS/controller_ws/build/three_omniwheel_controller/include/three_omniwheel_controller/three_omniwheel_controller_parameters.hpp:334:50:[m[K [01;36m[Knote: [m[K  candidate expects 1 argument, 2 provided
  334 |             if(auto validation_result = [01;36m[Knot_empty(param, true)[m[K;
      |                                         [01;36m[K~~~~~~~~~^~~~~~~~~~~~~[m[K
[01m[K/home/nikhil/Work/ROS/controller_ws/build/three_omniwheel_controller/include/three_omniwheel_controller/three_omniwheel_controller_parameters.hpp:342:50:[m[K [01;31m[Kerror: [m[Kno matching function for call to â€˜[01m[Knot_empty(const rclcpp::Parameter&, bool)[m[Kâ€™
  342 |             if(auto validation_result = [01;31m[Knot_empty(param, true)[m[K;
      |                                         [01;31m[K~~~~~~~~~^~~~~~~~~~~~~[m[K
In file included from [01m[K/home/nikhil/Work/ROS/controller_ws/build/three_omniwheel_controller/include/three_omniwheel_controller/three_omniwheel_controller_parameters.hpp:28[m[K,
                 from [01m[K/home/nikhil/Work/ROS/controller_ws/src/three_omniwheel_controller/include/three_omniwheel_controller/three_omniwheel_controller.hpp:26[m[K,
                 from [01m[K/home/nikhil/Work/ROS/controller_ws/src/three_omniwheel_controller/src/three_omniwheel_controller.cpp:5[m[K:
[01m[K/opt/ros/humble/include/rsl/rsl/parameter_validators.hpp:127:20:[m[K [01;36m[Knote: [m[Kcandidate: â€˜[01m[Ktemplate<class T> tl::expected<void, std::__cxx11::basic_string<char> > rsl::not_empty(const rclcpp::Parameter&)[m[Kâ€™
  127 | [[nodiscard]] auto [01;36m[Knot_empty[m[K(rclcpp::Parameter const& parameter)
      |                    [01;36m[K^~~~~~~~~[m[K
[01m[K/opt/ros/humble/include/rsl/rsl/parameter_validators.hpp:127:20:[m[K [01;36m[Knote: [m[K  template argument deduction/substitution failed:
In file included from [01m[K/home/nikhil/Work/ROS/controller_ws/src/three_omniwheel_controller/include/three_omniwheel_controller/three_omniwheel_controller.hpp:26[m[K,
                 from [01m[K/home/nikhil/Work/ROS/controller_ws/src/three_omniwheel_controller/src/three_omniwheel_controller.cpp:5[m[K:
[01m[K/home/nikhil/Work/ROS/controller_ws/build/three_omniwheel_controller/include/three_omniwheel_controller/three_omniwheel_controller_parameters.hpp:342:50:[m[K [01;36m[Knote: [m[K  candidate expects 1 argument, 2 provided
  342 |             if(auto validation_result = [01;36m[Knot_empty(param, true)[m[K;
      |                                         [01;36m[K~~~~~~~~~^~~~~~~~~~~~~[m[K
In file included from [01m[K/home/nikhil/Work/ROS/controller_ws/src/three_omniwheel_controller/include/three_omniwheel_controller/three_omniwheel_controller.hpp:26[m[K,
                 from [01m[K/home/nikhil/Work/ROS/controller_ws/src/three_omniwheel_controller/src/three_omniwheel_controller.cpp:5[m[K:
[01m[K/home/nikhil/Work/ROS/controller_ws/build/three_omniwheel_controller/include/three_omniwheel_controller/three_omniwheel_controller_parameters.hpp:[m[K In member function â€˜[01m[Kvoid three_omniwheel_controller::ParamListener::declare_params()[m[Kâ€™:
[01m[K/home/nikhil/Work/ROS/controller_ws/build/three_omniwheel_controller/include/three_omniwheel_controller/three_omniwheel_controller_parameters.hpp:958:44:[m[K [01;31m[Kerror: [m[Kno matching function for call to â€˜[01m[Knot_empty(rclcpp::Parameter&, bool)[m[Kâ€™
  958 |       if(auto validation_result = [01;31m[Knot_empty(param, true)[m[K;
      |                                   [01;31m[K~~~~~~~~~^~~~~~~~~~~~~[m[K
In file included from [01m[K/home/nikhil/Work/ROS/controller_ws/build/three_omniwheel_controller/include/three_omniwheel_controller/three_omniwheel_controller_parameters.hpp:28[m[K,
                 from [01m[K/home/nikhil/Work/ROS/controller_ws/src/three_omniwheel_controller/include/three_omniwheel_controller/three_omniwheel_controller.hpp:26[m[K,
                 from [01m[K/home/nikhil/Work/ROS/controller_ws/src/three_omniwheel_controller/src/three_omniwheel_controller.cpp:5[m[K:
[01m[K/opt/ros/humble/include/rsl/rsl/parameter_validators.hpp:127:20:[m[K [01;36m[Knote: [m[Kcandidate: â€˜[01m[Ktemplate<class T> tl::expected<void, std::__cxx11::basic_string<char> > rsl::not_empty(const rclcpp::Parameter&)[m[Kâ€™
  127 | [[nodiscard]] auto [01;36m[Knot_empty[m[K(rclcpp::Parameter const& parameter)
      |                    [01;36m[K^~~~~~~~~[m[K
[01m[K/opt/ros/humble/include/rsl/rsl/parameter_validators.hpp:127:20:[m[K [01;36m[Knote: [m[K  template argument deduction/substitution failed:
In file included from [01m[K/home/nikhil/Work/ROS/controller_ws/src/three_omniwheel_controller/include/three_omniwheel_controller/three_omniwheel_controller.hpp:26[m[K,
                 from [01m[K/home/nikhil/Work/ROS/controller_ws/src/three_omniwheel_controller/src/three_omniwheel_controller.cpp:5[m[K:
[01m[K/home/nikhil/Work/ROS/controller_ws/build/three_omniwheel_controller/include/three_omniwheel_controller/three_omniwheel_controller_parameters.hpp:958:44:[m[K [01;36m[Knote: [m[K  candidate expects 1 argument, 2 provided
  958 |       if(auto validation_result = [01;36m[Knot_empty(param, true)[m[K;
      |                                   [01;36m[K~~~~~~~~~^~~~~~~~~~~~~[m[K
[01m[K/home/nikhil/Work/ROS/controller_ws/build/three_omniwheel_controller/include/three_omniwheel_controller/three_omniwheel_controller_parameters.hpp:965:44:[m[K [01;31m[Kerror: [m[Kno matching function for call to â€˜[01m[Knot_empty(rclcpp::Parameter&, bool)[m[Kâ€™
  965 |       if(auto validation_result = [01;31m[Knot_empty(param, true)[m[K;
      |                                   [01;31m[K~~~~~~~~~^~~~~~~~~~~~~[m[K
In file included from [01m[K/home/nikhil/Work/ROS/controller_ws/build/three_omniwheel_controller/include/three_omniwheel_controller/three_omniwheel_controller_parameters.hpp:28[m[K,
                 from [01m[K/home/nikhil/Work/ROS/controller_ws/src/three_omniwheel_controller/include/three_omniwheel_controller/three_omniwheel_controller.hpp:26[m[K,
                 from [01m[K/home/nikhil/Work/ROS/controller_ws/src/three_omniwheel_controller/src/three_omniwheel_controller.cpp:5[m[K:
[01m[K/opt/ros/humble/include/rsl/rsl/parameter_validators.hpp:127:20:[m[K [01;36m[Knote: [m[Kcandidate: â€˜[01m[Ktemplate<class T> tl::expected<void, std::__cxx11::basic_string<char> > rsl::not_empty(const rclcpp::Parameter&)[m[Kâ€™
  127 | [[nodiscard]] auto [01;36m[Knot_empty[m[K(rclcpp::Parameter const& parameter)
      |                    [01;36m[K^~~~~~~~~[m[K
[01m[K/opt/ros/humble/include/rsl/rsl/parameter_validators.hpp:127:20:[m[K [01;36m[Knote: [m[K  template argument deduction/substitution failed:
In file included from [01m[K/home/nikhil/Work/ROS/controller_ws/src/three_omniwheel_controller/include/three_omniwheel_controller/three_omniwheel_controller.hpp:26[m[K,
                 from [01m[K/home/nikhil/Work/ROS/controller_ws/src/three_omniwheel_controller/src/three_omniwheel_controller.cpp:5[m[K:
[01m[K/home/nikhil/Work/ROS/controller_ws/build/three_omniwheel_controller/include/three_omniwheel_controller/three_omniwheel_controller_parameters.hpp:965:44:[m[K [01;36m[Knote: [m[K  candidate expects 1 argument, 2 provided
  965 |       if(auto validation_result = [01;36m[Knot_empty(param, true)[m[K;
      |                                   [01;36m[K~~~~~~~~~^~~~~~~~~~~~~[m[K
[01m[K/home/nikhil/Work/ROS/controller_ws/build/three_omniwheel_controller/include/three_omniwheel_controller/three_omniwheel_controller_parameters.hpp:972:44:[m[K [01;31m[Kerror: [m[Kno matching function for call to â€˜[01m[Knot_empty(rclcpp::Parameter&, bool)[m[Kâ€™
  972 |       if(auto validation_result = [01;31m[Knot_empty(param, true)[m[K;
      |                                   [01;31m[K~~~~~~~~~^~~~~~~~~~~~~[m[K
In file included from [01m[K/home/nikhil/Work/ROS/controller_ws/build/three_omniwheel_controller/include/three_omniwheel_controller/three_omniwheel_controller_parameters.hpp:28[m[K,
                 from [01m[K/home/nikhil/Work/ROS/controller_ws/src/three_omniwheel_controller/include/three_omniwheel_controller/three_omniwheel_controller.hpp:26[m[K,
                 from [01m[K/home/nikhil/Work/ROS/controller_ws/src/three_omniwheel_controller/src/three_omniwheel_controller.cpp:5[m[K:
[01m[K/opt/ros/humble/include/rsl/rsl/parameter_validators.hpp:127:20:[m[K [01;36m[Knote: [m[Kcandidate: â€˜[01m[Ktemplate<class T> tl::expected<void, std::__cxx11::basic_string<char> > rsl::not_empty(const rclcpp::Parameter&)[m[Kâ€™
  127 | [[nodiscard]] auto [01;36m[Knot_empty[m[K(rclcpp::Parameter const& parameter)
      |                    [01;36m[K^~~~~~~~~[m[K
[01m[K/opt/ros/humble/include/rsl/rsl/parameter_validators.hpp:127:20:[m[K [01;36m[Knote: [m[K  template argument deduction/substitution failed:
In file included from [01m[K/home/nikhil/Work/ROS/controller_ws/src/three_omniwheel_controller/include/three_omniwheel_controller/three_omniwheel_controller.hpp:26[m[K,
                 from [01m[K/home/nikhil/Work/ROS/controller_ws/src/three_omniwheel_controller/src/three_omniwheel_controller.cpp:5[m[K:
[01m[K/home/nikhil/Work/ROS/controller_ws/build/three_omniwheel_controller/include/three_omniwheel_controller/three_omniwheel_controller_parameters.hpp:972:44:[m[K [01;36m[Knote: [m[K  candidate expects 1 argument, 2 provided
  972 |       if(auto validation_result = [01;36m[Knot_empty(param, true)[m[K;
      |                                   [01;36m[K~~~~~~~~~^~~~~~~~~~~~~[m[K
[01m[K/home/nikhil/Work/ROS/controller_ws/build/three_omniwheel_controller/include/three_omniwheel_controller/three_omniwheel_controller_parameters.hpp:979:44:[m[K [01;31m[Kerror: [m[Kno matching function for call to â€˜[01m[Knot_empty(rclcpp::Parameter&, bool)[m[Kâ€™
  979 |       if(auto validation_result = [01;31m[Knot_empty(param, true)[m[K;
      |                                   [01;31m[K~~~~~~~~~^~~~~~~~~~~~~[m[K
In file included from [01m[K/home/nikhil/Work/ROS/controller_ws/build/three_omniwheel_controller/include/three_omniwheel_controller/three_omniwheel_controller_parameters.hpp:28[m[K,
                 from [01m[K/home/nikhil/Work/ROS/controller_ws/src/three_omniwheel_controller/include/three_omniwheel_controller/three_omniwheel_controller.hpp:26[m[K,
                 from [01m[K/home/nikhil/Work/ROS/controller_ws/src/three_omniwheel_controller/src/three_omniwheel_controller.cpp:5[m[K:
[01m[K/opt/ros/humble/include/rsl/rsl/parameter_validators.hpp:127:20:[m[K [01;36m[Knote: [m[Kcandidate: â€˜[01m[Ktemplate<class T> tl::expected<void, std::__cxx11::basic_string<char> > rsl::not_empty(const rclcpp::Parameter&)[m[Kâ€™
  127 | [[nodiscard]] auto [01;36m[Knot_empty[m[K(rclcpp::Parameter const& parameter)
      |                    [01;36m[K^~~~~~~~~[m[K
[01m[K/opt/ros/humble/include/rsl/rsl/parameter_validators.hpp:127:20:[m[K [01;36m[Knote: [m[K  template argument deduction/substitution failed:
In file included from [01m[K/home/nikhil/Work/ROS/controller_ws/src/three_omniwheel_controller/include/three_omniwheel_controller/three_omniwheel_controller.hpp:26[m[K,
                 from [01m[K/home/nikhil/Work/ROS/controller_ws/src/three_omniwheel_controller/src/three_omniwheel_controller.cpp:5[m[K:
[01m[K/home/nikhil/Work/ROS/controller_ws/build/three_omniwheel_controller/include/three_omniwheel_controller/three_omniwheel_controller_parameters.hpp:979:44:[m[K [01;36m[Knote: [m[K  candidate expects 1 argument, 2 provided
  979 |       if(auto validation_result = [01;36m[Knot_empty(param, true)[m[K;
      |                                   [01;36m[K~~~~~~~~~^~~~~~~~~~~~~[m[K
[01m[K/home/nikhil/Work/ROS/controller_ws/build/three_omniwheel_controller/include/three_omniwheel_controller/three_omniwheel_controller_parameters.hpp:986:44:[m[K [01;31m[Kerror: [m[Kno matching function for call to â€˜[01m[Knot_empty(rclcpp::Parameter&, bool)[m[Kâ€™
  986 |       if(auto validation_result = [01;31m[Knot_empty(param, true)[m[K;
      |                                   [01;31m[K~~~~~~~~~^~~~~~~~~~~~~[m[K
In file included from [01m[K/home/nikhil/Work/ROS/controller_ws/build/three_omniwheel_controller/include/three_omniwheel_controller/three_omniwheel_controller_parameters.hpp:28[m[K,
                 from [01m[K/home/nikhil/Work/ROS/controller_ws/src/three_omniwheel_controller/include/three_omniwheel_controller/three_omniwheel_controller.hpp:26[m[K,
                 from [01m[K/home/nikhil/Work/ROS/controller_ws/src/three_omniwheel_controller/src/three_omniwheel_controller.cpp:5[m[K:
[01m[K/opt/ros/humble/include/rsl/rsl/parameter_validators.hpp:127:20:[m[K [01;36m[Knote: [m[Kcandidate: â€˜[01m[Ktemplate<class T> tl::expected<void, std::__cxx11::basic_string<char> > rsl::not_empty(const rclcpp::Parameter&)[m[Kâ€™
  127 | [[nodiscard]] auto [01;36m[Knot_empty[m[K(rclcpp::Parameter const& parameter)
      |                    [01;36m[K^~~~~~~~~[m[K
[01m[K/opt/ros/humble/include/rsl/rsl/parameter_validators.hpp:127:20:[m[K [01;36m[Knote: [m[K  template argument deduction/substitution failed:
In file included from [01m[K/home/nikhil/Work/ROS/controller_ws/src/three_omniwheel_controller/include/three_omniwheel_controller/three_omniwheel_controller.hpp:26[m[K,
                 from [01m[K/home/nikhil/Work/ROS/controller_ws/src/three_omniwheel_controller/src/three_omniwheel_controller.cpp:5[m[K:
[01m[K/home/nikhil/Work/ROS/controller_ws/build/three_omniwheel_controller/include/three_omniwheel_controller/three_omniwheel_controller_parameters.hpp:986:44:[m[K [01;36m[Knote: [m[K  candidate expects 1 argument, 2 provided
  986 |       if(auto validation_result = [01;36m[Knot_empty(param, true)[m[K;
      |                                   [01;36m[K~~~~~~~~~^~~~~~~~~~~~~[m[K
gmake[2]: *** [CMakeFiles/three_omniwheel_controller.dir/build.make:76: CMakeFiles/three_omniwheel_controller.dir/src/three_omniwheel_controller.cpp.o] Error 1
gmake[1]: *** [CMakeFiles/Makefile2:165: CMakeFiles/three_omniwheel_controller.dir/all] Error 2
gmake: *** [Makefile:146: all] Error 2
